**************
*** PID  2267: rpict -t 60 -vtv -vp 1.200 5.200 1.200 -vd 0.999 -0.042 0.000 -vu 0.000 0.000 1.000 -vh 110 -vv 77.57 -x 1280 -y 720 -ps 2 -pt 0.05 -pj 0.9 -dj 0.7 -ds 0.15 -dt 0.05 -dc 0.75 -dr 3 -dp 512 -st 0.15 -ab 4 -ad 2048 -as 1024 -ar 512 -aa 0.1 -lr 8 -lw 0.005 -e error.log thesisRoom11_5_IMG.oct

rpict: 1600 rays, 0.00% after 0.000u 0.000s 0.000r hours on qorbani (PID 2267)
rpict: warning - non-planar vertex for polygon "4c0340a0d2bc445185b1_5_0"
rpict: warning - non-planar vertex for polygon "4ff382e293f14235ae46_4_0"
rpict: warning - non-planar vertex for polygon "1cda2acddf1e40c2bcbd_5_0"
rpict: warning - non-planar vertex for polygon "8026b1b01bdb432e9344_5_0"
rpict: warning - non-planar vertex for polygon "8026b1b01bdb432e9344_2_0"
rpict: warning - non-planar vertex for polygon "e1786e161a0340bd9339_5_0"
rpict: warning - non-planar vertex for polygon "af0453657fbd4fc1a6cb_5_0"
rpict: warning - non-planar vertex for polygon "af0453657fbd4fc1a6cb_4_0"
rpict: warning - non-planar vertex for polygon "e9bebf627c43488c9a1d_4_0"
rpict: warning - non-planar vertex for polygon "e9bebf627c43488c9a1d_3_0"
rpict: warning - non-planar vertex for polygon "721bc24b42c844ad9b8a_5_0"
rpict: warning - non-planar vertex for polygon "721bc24b42c844ad9b8a_2_0"
rpict: warning - non-planar vertex for polygon "4ff382e293f14235ae46_5_0"
rpict: warning - non-planar vertex for polygon "a4a52574fab44344b644_8_0"
rpict: warning - non-planar vertex for polygon "0874571dba6c417fa7da_5_0"
rpict: warning - non-planar vertex for polygon "0f644150122e47699d4a_4_0"
rpict: warning - non-planar vertex for polygon "d38cec00e2c34573bbe2_5_0"
rpict: warning - non-planar vertex for polygon "af2bcad144c94b74b42e_5_0"
rpict: warning - non-planar vertex for polygon "af2bcad144c94b74b42e_2_0"
rpict: warning - non-planar vertex for polygon "318884f53b3f401088f1_2_0"
rpict: warning - non-planar vertex for polygon "1d059439125d43a0ab85_5_0"
rpict: warning - non-planar vertex for polygon "f24466af302b4d26ae41_5_0"
rpict: warning - non-planar vertex for polygon "f24466af302b4d26ae41_2_0"
rpict: warning - non-planar vertex for polygon "69ab8416a4bd44dc89b3_13_0"
rpict: warning - non-planar vertex for polygon "5061deb2614842fb927e_4_0"
rpict: warning - non-planar vertex for polygon "5061deb2614842fb927e_3_0"
rpict: warning - non-planar vertex for polygon "a7d5a716d0ba4a56b116_5_0"
rpict: warning - non-planar vertex for polygon "a7d5a716d0ba4a56b116_2_0"
rpict: warning - non-planar vertex for polygon "14871f8eb5ce44fca816_2_0"
rpict: warning - non-planar vertex for polygon "fe3bcbbb6ed74f698485_5_0"
rpict: warning - non-planar vertex for polygon "fe3bcbbb6ed74f698485_2_0"
rpict: warning - non-planar vertex for polygon "89eba06f446d4884b7fd_5_0"
rpict: warning - non-planar vertex for polygon "5d62b4542c584182adf7_5_0"
rpict: warning - non-planar vertex for polygon "0f644150122e47699d4a_5_0"
rpict: warning - non-planar vertex for polygon "809d562583e747a384b6_5_0"
rpict: warning - non-planar vertex for polygon "e382aa03c0164ed1a0f5_2_0"
rpict: warning - non-planar vertex for polygon "c3629c28a05b4e658971_5_0"
rpict: warning - non-planar vertex for polygon "14871f8eb5ce44fca816_5_0"
rpict: warning - non-planar vertex for polygon "a1ad7759a2044da4aa49_4_0"
rpict: warning - non-planar vertex for polygon "a1ad7759a2044da4aa49_3_0"
rpict: warning - non-planar vertex for polygon "8930bb43767c4d01b303_5_0"
rpict: warning - non-planar vertex for polygon "8930bb43767c4d01b303_2_0"
rpict: warning - non-planar vertex for polygon "89eba06f446d4884b7fd_2_0"
rpict: warning - non-planar vertex for polygon "1094a9d6ad214870b273_6_0"
rpict: warning - non-planar vertex for polygon "69ab8416a4bd44dc89b3_16_0"
rpict: warning - non-planar vertex for polygon "8bcb48e20cd44f1c9cab_12_0"
rpict: warning - non-planar vertex for polygon "7e5dae9bc01941128695_9_0"
rpict: warning - non-planar vertex for polygon "7e5dae9bc01941128695_8_0"
rpict: warning - non-planar vertex for polygon "5360391939b842fe864b_5_0"
rpict: warning - non-planar vertex for polygon "fb3d88e8210f4ee080eb_4_0"
rpict: warning - non-planar vertex for polygon "fb3d88e8210f4ee080eb_3_0"
rpict: warning - non-planar vertex for polygon "1094a9d6ad214870b273_15_0"
rpict: warning - non-planar vertex for polygon "1094a9d6ad214870b273_14_0"
rpict: warning - non-planar vertex for polygon "1094a9d6ad214870b273_5_0"
rpict: warning - non-planar vertex for polygon "1094a9d6ad214870b273_4_0"
rpict: warning - non-planar vertex for polygon "318884f53b3f401088f1_5_0"
rpict: warning - non-planar vertex for polygon "3332efab72fa44e1854c_5_0"
rpict: warning - non-planar vertex for polygon "1328de6801124bfbbdcd_15_0"
rpict: warning - non-planar vertex for polygon "1328de6801124bfbbdcd_14_0"
rpict: warning - non-planar vertex for polygon "a1ad7759a2044da4aa49_5_0"
rpict: warning - non-planar vertex for polygon "5061deb2614842fb927e_5_0"
rpict: warning - non-planar vertex for polygon "e382aa03c0164ed1a0f5_5_0"
rpict: warning - non-planar vertex for polygon "6ad54787cdef4b5a9cb3_5_0"
rpict: warning - non-planar vertex for polygon "6ad54787cdef4b5a9cb3_4_0"
rpict: warning - non-planar vertex for polygon "d5ddbf75dca643eea590_6_0"
rpict: warning - non-planar vertex for polygon "d5ddbf75dca643eea590_5_0"
rpict: warning - non-planar vertex for polygon "979d3822aae04cb1bab4_13_0"
rpict: warning - non-planar vertex for polygon "44ae195eb7bb4805806d_10_0"
rpict: warning - non-planar vertex for polygon "44ae195eb7bb4805806d_9_0"
rpict: warning - non-planar vertex for polygon "e9bebf627c43488c9a1d_5_0"
rpict: warning - non-planar vertex for polygon "5d62b4542c584182adf7_2_0"
rpict: warning - non-planar vertex for polygon "2f82d29716ca484988f1_5_0"
rpict: warning - non-planar vertex for polygon "aee9815ee20b4c22bd33_5_0"
rpict: warning - non-planar vertex for polygon "b2bc8ca44c3241bcbfbf_5_0"
rpict: warning - non-planar vertex for polygon "6385dd78f33f4e398dcc_5_0"
rpict: warning - non-planar vertex for polygon "1094a9d6ad214870b273_13_0"
rpict: warning - non-planar vertex for polygon "3ded06b4568644079d62_5_0"
rpict: warning - non-planar vertex for polygon "ce304c451c3f4e34870e_5_0"
rpict: warning - non-planar vertex for polygon "ce304c451c3f4e34870e_4_0"
rpict: warning - non-planar vertex for polygon "d5ddbf75dca643eea590_11_0"
rpict: warning - non-planar vertex for polygon "d5ddbf75dca643eea590_8_0"
rpict: warning - non-planar vertex for polygon "979d3822aae04cb1bab4_5_0"
rpict: warning - non-planar vertex for polygon "b6e611df94dd42dda62b_5_0"
rpict: warning - non-planar vertex for polygon "ac74b0004cf0491ba670_5_0"
rpict: warning - non-planar vertex for polygon "979d3822aae04cb1bab4_4_0"
rpict: warning - non-planar vertex for polygon "979d3822aae04cb1bab4_11_0"
rpict: warning - non-planar vertex for polygon "979d3822aae04cb1bab4_12_0"
rpict: warning - non-planar vertex for polygon "979d3822aae04cb1bab4_7_0"
rpict: warning - non-planar vertex for polygon "b6e611df94dd42dda62b_2_0"
rpict: warning - non-planar vertex for polygon "3ded06b4568644079d62_2_0"
rpict: warning - non-planar vertex for polygon "979d3822aae04cb1bab4_16_0"
rpict: warning - non-planar vertex for polygon "1094a9d6ad214870b273_17_0"
rpict: warning - non-planar vertex for polygon "1094a9d6ad214870b273_2_0"
rpict: warning - non-planar vertex for polygon "1094a9d6ad214870b273_12_0"
rpict: warning - non-planar vertex for polygon "1094a9d6ad214870b273_7_0"
rpict: warning - non-planar vertex for polygon "1094a9d6ad214870b273_8_0"
rpict: warning - non-planar vertex for polygon "e996b36b3b7b455594ba_5_0"
rpict: warning - non-planar vertex for polygon "e996b36b3b7b455594ba_3_0"
rpict: warning - non-planar vertex for polygon "1094a9d6ad214870b273_3_0"
rpict: warning - non-planar vertex for polygon "1094a9d6ad214870b273_16_0"
rpict: warning - non-planar vertex for polygon "0398bcf9fec3405287e7_9_0"
rpict: warning - non-planar vertex for polygon "0398bcf9fec3405287e7_8_0"
rpict: warning - non-planar vertex for polygon "0398bcf9fec3405287e7_14_0"
rpict: warning - non-planar vertex for polygon "0398bcf9fec3405287e7_13_0"
rpict: warning - non-planar vertex for polygon "0398bcf9fec3405287e7_6_0"
rpict: warning - non-planar vertex for polygon "0398bcf9fec3405287e7_5_0"
rpict: warning - non-planar vertex for polygon "979d3822aae04cb1bab4_10_0"
rpict: warning - non-planar vertex for polygon "979d3822aae04cb1bab4_9_0"
rpict: warning - non-planar vertex for polygon "979d3822aae04cb1bab4_2_0"
rpict: warning - non-planar vertex for polygon "cf26b20b44ef4a13b39b_12_0"
rpict: warning - non-planar vertex for polygon "cf26b20b44ef4a13b39b_11_0"
rpict: warning - non-planar vertex for polygon "cf26b20b44ef4a13b39b_8_0"
rpict: warning - non-planar vertex for polygon "cf26b20b44ef4a13b39b_6_0"
rpict: warning - non-planar vertex for polygon "2d8645aa2af340aaac6e_17_0"
rpict: warning - non-planar vertex for polygon "2d8645aa2af340aaac6e_9_0"
rpict: warning - non-planar vertex for polygon "2d8645aa2af340aaac6e_2_0"
rpict: warning - non-planar vertex for polygon "a4a52574fab44344b644_9_0"
rpict: warning - non-planar vertex for polygon "1094a9d6ad214870b273_9_0"
rpict: warning - non-planar vertex for polygon "15577a431d9b4d7d85d9_15_0"
rpict: warning - non-planar vertex for polygon "15577a431d9b4d7d85d9_14_0"
rpict: warning - non-planar vertex for polygon "15577a431d9b4d7d85d9_5_0"
rpict: warning - non-planar vertex for polygon "15577a431d9b4d7d85d9_4_0"
rpict: warning - non-planar vertex for polygon "c85f6e1ec5c945e29355_5_0"
rpict: warning - non-planar vertex for polygon "fb3d88e8210f4ee080eb_5_0"
rpict: warning - non-planar vertex for polygon "7e5dae9bc01941128695_15_0"
rpict: warning - non-planar vertex for polygon "7e5dae9bc01941128695_4_0"
rpict: warning - non-planar vertex for polygon "7e5dae9bc01941128695_3_0"
rpict: warning - non-planar vertex for polygon "7e5dae9bc01941128695_2_0"
rpict: warning - non-planar vertex for polygon "0398bcf9fec3405287e7_4_0"
rpict: warning - non-planar vertex for polygon "e996b36b3b7b455594ba_4_0"
rpict: warning - non-planar vertex for polygon "2d8645aa2af340aaac6e_5_0"
rpict: warning - non-planar vertex for polygon "2d8645aa2af340aaac6e_4_0"
rpict: warning - non-planar vertex for polygon "2d8645aa2af340aaac6e_6_0"
rpict: warning - non-planar vertex for polygon "2d8645aa2af340aaac6e_12_0"
rpict: warning - non-planar vertex for polygon "2d8645aa2af340aaac6e_7_0"
rpict: warning - non-planar vertex for polygon "835dca85efa34a3faf11_17_0"
rpict: warning - non-planar vertex for polygon "835dca85efa34a3faf11_16_0"
rpict: warning - non-planar vertex for polygon "835dca85efa34a3faf11_3_0"
rpict: warning - non-planar vertex for polygon "835dca85efa34a3faf11_2_0"
rpict: warning - non-planar vertex for polygon "9dc6af1f1cfc48a8b678_8_0"
rpict: warning - non-planar vertex for polygon "9dc6af1f1cfc48a8b678_12_0"
rpict: warning - non-planar vertex for polygon "9dc6af1f1cfc48a8b678_7_0"
rpict: warning - non-planar vertex for polygon "15577a431d9b4d7d85d9_17_0"
rpict: warning - non-planar vertex for polygon "15577a431d9b4d7d85d9_16_0"
rpict: warning - non-planar vertex for polygon "15577a431d9b4d7d85d9_3_0"
rpict: warning - non-planar vertex for polygon "15577a431d9b4d7d85d9_2_0"
rpict: warning - non-planar vertex for polygon "ca630637d83645f6bcdb_4_0"
rpict: warning - non-planar vertex for polygon "e0f0db5604134b1289b1_3_0"
rpict: warning - non-planar vertex for polygon "2d8645aa2af340aaac6e_3_0"
rpict: warning - non-planar vertex for polygon "15577a431d9b4d7d85d9_9_0"
rpict: warning - non-planar vertex for polygon "15577a431d9b4d7d85d9_6_0"
rpict: warning - non-planar vertex for polygon "147f1326f0244cb6a646_4_0"
rpict: warning - non-planar vertex for polygon "147f1326f0244cb6a646_3_0"
rpict: warning - non-planar vertex for polygon "835dca85efa34a3faf11_11_0"
rpict: warning - non-planar vertex for polygon "835dca85efa34a3faf11_8_0"
rpict: warning - non-planar vertex for polygon "979d3822aae04cb1bab4_17_0"
rpict: warning - non-planar vertex for polygon "cf26b20b44ef4a13b39b_10_0"
rpict: warning - non-planar vertex for polygon "cf26b20b44ef4a13b39b_9_0"
rpict: warning - non-planar vertex for polygon "15577a431d9b4d7d85d9_8_0"
rpict: warning - non-planar vertex for polygon "5f8d58664359452690f0_2_0"
rpict: warning - non-planar vertex for polygon "835dca85efa34a3faf11_5_0"
rpict: warning - non-planar vertex for polygon "835dca85efa34a3faf11_4_0"
rpict: warning - non-planar vertex for polygon "835dca85efa34a3faf11_13_0"
rpict: warning - non-planar vertex for polygon "835dca85efa34a3faf11_6_0"
rpict: warning - non-planar vertex for polygon "d5ddbf75dca643eea590_4_0"
rpict: warning - non-planar vertex for polygon "d5ddbf75dca643eea590_3_0"
rpict: warning - non-planar vertex for polygon "faa00d93658a4696a5c9_17_0"
rpict: warning - non-planar vertex for polygon "faa00d93658a4696a5c9_10_0"
rpict: warning - non-planar vertex for polygon "faa00d93658a4696a5c9_9_0"
rpict: warning - non-planar vertex for polygon "faa00d93658a4696a5c9_2_0"
rpict: warning - non-planar vertex for polygon "faa00d93658a4696a5c9_8_0"
rpict: warning - non-planar vertex for polygon "faa00d93658a4696a5c9_12_0"
rpict: warning - non-planar vertex for polygon "faa00d93658a4696a5c9_11_0"
rpict: warning - non-planar vertex for polygon "faa00d93658a4696a5c9_7_0"
rpict: warning - non-planar vertex for polygon "69ab8416a4bd44dc89b3_2_0"
rpict: warning - non-planar vertex for polygon "69ab8416a4bd44dc89b3_17_0"
rpict: warning - non-planar vertex for polygon "faa00d93658a4696a5c9_5_0"
rpict: warning - non-planar vertex for polygon "0398bcf9fec3405287e7_3_0"
rpict: warning - non-planar vertex for polygon "0398bcf9fec3405287e7_16_0"
rpict: warning - non-planar vertex for polygon "5f8d58664359452690f0_14_0"
rpict: warning - non-planar vertex for polygon "119c913e2e5f45b3aa00_9_0"
rpict: warning - non-planar vertex for polygon "119c913e2e5f45b3aa00_2_0"
rpict: warning - non-planar vertex for polygon "cf26b20b44ef4a13b39b_17_0"
rpict: warning - non-planar vertex for polygon "cf26b20b44ef4a13b39b_3_0"
rpict: warning - non-planar vertex for polygon "9dc6af1f1cfc48a8b678_17_0"
rpict: warning - non-planar vertex for polygon "9dc6af1f1cfc48a8b678_9_0"
rpict: warning - non-planar vertex for polygon "9dc6af1f1cfc48a8b678_2_0"
rpict: warning - non-planar vertex for polygon "2d8645aa2af340aaac6e_8_0"
rpict: warning - non-planar vertex for polygon "147f1326f0244cb6a646_5_0"
rpict: warning - non-planar vertex for polygon "15577a431d9b4d7d85d9_12_0"
rpict: warning - non-planar vertex for polygon "15577a431d9b4d7d85d9_7_0"
rpict: warning - non-planar vertex for polygon "15577a431d9b4d7d85d9_13_0"
rpict: warning - non-planar vertex for polygon "9dc6af1f1cfc48a8b678_13_0"
rpict: warning - non-planar vertex for polygon "9dc6af1f1cfc48a8b678_6_0"
rpict: warning - non-planar vertex for polygon "9dc6af1f1cfc48a8b678_5_0"
rpict: warning - non-planar vertex for polygon "9dc6af1f1cfc48a8b678_4_0"
rpict: warning - non-planar vertex for polygon "9dc6af1f1cfc48a8b678_15_0"
rpict: warning - non-planar vertex for polygon "9dc6af1f1cfc48a8b678_14_0"
rpict: warning - non-planar vertex for polygon "0398bcf9fec3405287e7_17_0"
rpict: warning - non-planar vertex for polygon "0398bcf9fec3405287e7_2_0"
rpict: warning - non-planar vertex for polygon "44ae195eb7bb4805806d_2_0"
rpict: warning - non-planar vertex for polygon "44ae195eb7bb4805806d_17_0"
rpict: warning - non-planar vertex for polygon "44ae195eb7bb4805806d_15_0"
rpict: warning - non-planar vertex for polygon "44ae195eb7bb4805806d_14_0"
rpict: warning - non-planar vertex for polygon "44ae195eb7bb4805806d_6_0"
rpict: warning - non-planar vertex for polygon "44ae195eb7bb4805806d_5_0"
rpict: warning - non-planar vertex for polygon "44ae195eb7bb4805806d_4_0"
rpict: warning - non-planar vertex for polygon "7e5dae9bc01941128695_14_0"
rpict: warning - non-planar vertex for polygon "7e5dae9bc01941128695_5_0"
rpict: warning - non-planar vertex for polygon "8026b1b01bdb432e9344_0"
rpict: warning - non-planar vertex for polygon "721bc24b42c844ad9b8a_0"
rpict: warning - non-planar vertex for polygon "4c0340a0d2bc445185b1_0"
rpict: warning - non-planar vertex for polygon "4ff382e293f14235ae46_0"
rpict: warning - non-planar vertex for polygon "1cda2acddf1e40c2bcbd_0"
rpict: warning - non-planar vertex for polygon "147f1326f0244cb6a646_17_0"
rpict: warning - non-planar vertex for polygon "147f1326f0244cb6a646_10_0"
rpict: warning - non-planar vertex for polygon "147f1326f0244cb6a646_9_0"
rpict: warning - non-planar vertex for polygon "e0f0db5604134b1289b1_5_0"
rpict: warning - non-planar vertex for polygon "e0f0db5604134b1289b1_4_0"
rpict: warning - non-planar vertex for polygon "926a8c73923a4b85bab9_9_0"
rpict: warning - non-planar vertex for polygon "926a8c73923a4b85bab9_8_0"
rpict: warning - non-planar vertex for polygon "fef8d3fe72a84b3da409_4_0"
rpict: warning - non-planar vertex for polygon "fef8d3fe72a84b3da409_5_0"
rpict: warning - non-planar vertex for polygon "0398bcf9fec3405287e7_12_0"
rpict: warning - non-planar vertex for polygon "0398bcf9fec3405287e7_7_0"
rpict: warning - non-planar vertex for polygon "69ab8416a4bd44dc89b3_7_0"
rpict: warning - non-planar vertex for polygon "69ab8416a4bd44dc89b3_12_0"
rpict: warning - non-planar vertex for polygon "6408e376c03c41e7bdea_9_0"
rpict: warning - non-planar vertex for polygon "6408e376c03c41e7bdea_8_0"
rpict: warning - non-planar vertex for polygon "e0f0db5604134b1289b1_9_0"
rpict: warning - non-planar vertex for polygon "e0f0db5604134b1289b1_2_0"
rpict: warning - non-planar vertex for polygon "e0f0db5604134b1289b1_17_0"
rpict: warning - non-planar vertex for polygon "119c913e2e5f45b3aa00_17_0"
rpict: warning - non-planar vertex for polygon "9dc6af1f1cfc48a8b678_16_0"
rpict: warning - non-planar vertex for polygon "9dc6af1f1cfc48a8b678_3_0"
rpict: warning - non-planar vertex for polygon "1328de6801124bfbbdcd_17_0"
rpict: warning - non-planar vertex for polygon "1328de6801124bfbbdcd_10_0"
rpict: warning - non-planar vertex for polygon "1328de6801124bfbbdcd_2_0"
rpict: warning - non-planar vertex for polygon "44ae195eb7bb4805806d_11_0"
rpict: warning - non-planar vertex for polygon "44ae195eb7bb4805806d_8_0"
rpict: warning - non-planar vertex for polygon "e0f0db5604134b1289b1_10_0"
rpict: warning - non-planar vertex for polygon "1328de6801124bfbbdcd_12_0"
rpict: warning - non-planar vertex for polygon "1328de6801124bfbbdcd_7_0"
rpict: warning - non-planar vertex for polygon "147f1326f0244cb6a646_6_0"
rpict: warning - non-planar vertex for polygon "8bcb48e20cd44f1c9cab_17_0"
rpict: warning - non-planar vertex for polygon "0398bcf9fec3405287e7_15_0"
rpict: warning - non-planar vertex for polygon "7e5dae9bc01941128695_7_0"
rpict: warning - non-planar vertex for polygon "147f1326f0244cb6a646_11_0"
rpict: warning - non-planar vertex for polygon "147f1326f0244cb6a646_8_0"
rpict: warning - non-planar vertex for polygon "af2bcad144c94b74b42e_0"
rpict: warning - non-planar vertex for polygon "c3629c28a05b4e658971_0"
rpict: warning - non-planar vertex for polygon "e382aa03c0164ed1a0f5_0"
rpict: warning - non-planar vertex for polygon "faa00d93658a4696a5c9_4_0"
rpict: warning - non-planar vertex for polygon "44ae195eb7bb4805806d_3_0"
rpict: warning - non-planar vertex for polygon "8bcb48e20cd44f1c9cab_11_0"
rpict: warning - non-planar vertex for polygon "8bcb48e20cd44f1c9cab_8_0"
rpict: warning - non-planar vertex for polygon "119c913e2e5f45b3aa00_8_0"
rpict: warning - non-planar vertex for polygon "119c913e2e5f45b3aa00_6_0"
rpict: warning - non-planar vertex for polygon "119c913e2e5f45b3aa00_5_0"
rpict: warning - non-planar vertex for polygon "8bcb48e20cd44f1c9cab_4_0"
rpict: warning - non-planar vertex for polygon "8bcb48e20cd44f1c9cab_3_0"
rpict: warning - non-planar vertex for polygon "d38cec00e2c34573bbe2_0"
rpict: warning - non-planar vertex for polygon "5360391939b842fe864b_0"
rpict: warning - non-planar vertex for polygon "e1786e161a0340bd9339_0"
rpict: warning - non-planar vertex for polygon "8bcb48e20cd44f1c9cab_9_0"
rpict: warning - non-planar vertex for polygon "e0f0db5604134b1289b1_11_0"
rpict: warning - non-planar vertex for polygon "e0f0db5604134b1289b1_8_0"
rpict: warning - non-planar vertex for polygon "7e5dae9bc01941128695_6_0"
rpict: warning - non-planar vertex for polygon "e0f0db5604134b1289b1_12_0"
rpict: warning - non-planar vertex for polygon "e0f0db5604134b1289b1_7_0"
rpict: warning - non-planar vertex for polygon "af0453657fbd4fc1a6cb_0"
rpict: warning - non-planar vertex for polygon "e0f0db5604134b1289b1_14_0"
rpict: warning - non-planar vertex for polygon "e0f0db5604134b1289b1_6_0"
rpict: warning - non-planar vertex for polygon "119c913e2e5f45b3aa00_7_0"
rpict: warning - non-planar vertex for polygon "8bcb48e20cd44f1c9cab_6_0"
rpict: warning - non-planar vertex for polygon "8bcb48e20cd44f1c9cab_5_0"
rpict: warning - non-planar vertex for polygon "1328de6801124bfbbdcd_11_0"
rpict: warning - non-planar vertex for polygon "ca630637d83645f6bcdb_5_0"
rpict: warning - non-planar vertex for polygon "147f1326f0244cb6a646_12_0"
rpict: warning - non-planar vertex for polygon "3332efab72fa44e1854c_0"
rpict: warning - non-planar vertex for polygon "e9bebf627c43488c9a1d_0"
rpict: warning - non-planar vertex for polygon "5f8d58664359452690f0_15_0"
rpict: warning - non-planar vertex for polygon "5f8d58664359452690f0_7_0"
rpict: warning - non-planar vertex for polygon "cf26b20b44ef4a13b39b_4_0"
rpict: warning - non-planar vertex for polygon "119c913e2e5f45b3aa00_4_0"
rpict: warning - non-planar vertex for polygon "119c913e2e5f45b3aa00_3_0"
rpict: warning - non-planar vertex for polygon "cf26b20b44ef4a13b39b_5_0"
rpict: warning - non-planar vertex for polygon "0f644150122e47699d4a_0"
rpict: warning - non-planar vertex for polygon "835dca85efa34a3faf11_10_0"
rpict: warning - non-planar vertex for polygon "835dca85efa34a3faf11_9_0"
rpict: warning - non-planar vertex for polygon "5d62b4542c584182adf7_0"
rpict: warning - non-planar vertex for polygon "c85f6e1ec5c945e29355_0"
rpict: warning - non-planar vertex for polygon "a7d5a716d0ba4a56b116_0"
rpict: warning - non-planar vertex for polygon "e996b36b3b7b455594ba_0"
rpict: warning - non-planar vertex for polygon "fb3d88e8210f4ee080eb_0"
rpict: warning - non-planar vertex for polygon "318884f53b3f401088f1_0"
rpict: warning - non-planar vertex for polygon "e0f0db5604134b1289b1_15_0"
rpict: warning - non-planar vertex for polygon "5ad3234ca13c4d0fa9aa_18_0"
rpict: warning - non-planar vertex for polygon "979d3822aae04cb1bab4_8_0"
rpict: warning - non-planar vertex for polygon "8930bb43767c4d01b303_0"
rpict: warning - non-planar vertex for polygon "a1ad7759a2044da4aa49_0"
rpict: warning - non-planar vertex for polygon "8bcb48e20cd44f1c9cab_10_0"
rpict: warning - non-planar vertex for polygon "835dca85efa34a3faf11_7_0"
rpict: warning - non-planar vertex for polygon "835dca85efa34a3faf11_12_0"
rpict: warning - non-planar vertex for polygon "119c913e2e5f45b3aa00_12_0"
rpict: warning - non-planar vertex for polygon "67b5badc335449c9a255_18_0"
rpict: warning - non-planar vertex for polygon "d5ddbf75dca643eea590_17_0"
rpict: warning - non-planar vertex for polygon "d5ddbf75dca643eea590_9_0"
rpict: warning - non-planar vertex for polygon "d5ddbf75dca643eea590_12_0"
rpict: warning - non-planar vertex for polygon "d5ddbf75dca643eea590_10_0"
rpict: warning - non-planar vertex for polygon "aee9815ee20b4c22bd33_0"
rpict: warning - non-planar vertex for polygon "0874571dba6c417fa7da_0"
rpict: warning - non-planar vertex for polygon "89eba06f446d4884b7fd_0"
rpict: warning - non-planar vertex for polygon "44ae195eb7bb4805806d_16_0"
rpict: warning - non-planar vertex for polygon "44ae195eb7bb4805806d_13_0"
rpict: warning - non-planar vertex for polygon "f24466af302b4d26ae41_0"
rpict: warning - non-planar vertex for polygon "ce304c451c3f4e34870e_0"
rpict: warning - non-planar vertex for polygon "3ded06b4568644079d62_0"
rpict: warning - non-planar vertex for polygon "b6e611df94dd42dda62b_0"
rpict: warning - non-planar vertex for polygon "6ad54787cdef4b5a9cb3_0"
rpict: warning - non-planar vertex for polygon "1d059439125d43a0ab85_0"
rpict: warning - non-planar vertex for polygon "cbd3d9f411ca4b2dab50_16_0"
rpict: warning - non-planar vertex for polygon "8f19a68084c046f2a48a_16_0"
rpict: warning - non-planar vertex for polygon "5061deb2614842fb927e_0"
rpict: warning - non-planar vertex for polygon "b2bc8ca44c3241bcbfbf_0"
rpict: warning - non-planar vertex for polygon "fe3bcbbb6ed74f698485_0"
rpict: warning - non-planar vertex for polygon "44ae195eb7bb4805806d_12_0"
rpict: warning - non-planar vertex for polygon "44ae195eb7bb4805806d_7_0"
rpict: warning - non-planar vertex for polygon "18a1a482ddf54035a1c0_16_0"
rpict: warning - non-planar vertex for polygon "809d562583e747a384b6_0"
rpict: warning - non-planar vertex for polygon "14871f8eb5ce44fca816_0"
rpict: warning - non-planar vertex for polygon "6385dd78f33f4e398dcc_0"
rpict: warning - non-planar vertex for polygon "2f82d29716ca484988f1_0"
rpict: warning - non-planar vertex for polygon "8f19a68084c046f2a48a_18_0"
rpict: warning - non-planar vertex for polygon "ac74b0004cf0491ba670_0"
rpict: warning - non-planar vertex for polygon "c8e45bd6969643f78378_14_0"
rpict: warning - non-planar vertex for polygon "c8e45bd6969643f78378_18_0"
rpict: warning - non-planar vertex for polygon "cbd3d9f411ca4b2dab50_18_0"
rpict: warning - non-planar vertex for polygon "f957f737b1b74157b45e_16_0"
rpict: warning - non-planar vertex for polygon "5ad3234ca13c4d0fa9aa_14_0"
rpict: warning - non-planar vertex for polygon "521c82e8463f462f90ea_16_0"
rpict: warning - non-planar vertex for polygon "521c82e8463f462f90ea_18_0"
rpict: warning - non-planar vertex for polygon "f957f737b1b74157b45e_18_0"
rpict: 50904117 rays, 0.14% after 0.149u 0.000s 0.149r hours on qorbani (PID 2267)
rpict: 56112357 rays, 3.61% after 0.166u 0.000s 0.166r hours on qorbani (PID 2267)
rpict: 61358086 rays, 8.47% after 0.183u 0.000s 0.183r hours on qorbani (PID 2267)
rpict: 66569292 rays, 12.50% after 0.200u 0.000s 0.200r hours on qorbani (PID 2267)
rpict: 72147734 rays, 16.94% after 0.217u 0.000s 0.217r hours on qorbani (PID 2267)
rpict: 77339370 rays, 20.42% after 0.234u 0.000s 0.234r hours on qorbani (PID 2267)
rpict: 82558210 rays, 24.03% after 0.252u 0.000s 0.252r hours on qorbani (PID 2267)
rpict: 87890888 rays, 27.50% after 0.269u 0.000s 0.269r hours on qorbani (PID 2267)
rpict: 92472029 rays, 28.61% after 0.288u 0.000s 0.288r hours on qorbani (PID 2267)
rpict: 96564774 rays, 29.31% after 0.305u 0.000s 0.306r hours on qorbani (PID 2267)
rpict: 100585641 rays, 31.39% after 0.323u 0.000s 0.323r hours on qorbani (PID 2267)
rpict: 104780341 rays, 35.28% after 0.340u 0.000s 0.340r hours on qorbani (PID 2267)
rpict: 109195692 rays, 40.56% after 0.356u 0.000s 0.357r hours on qorbani (PID 2267)
rpict: 113653222 rays, 47.50% after 0.373u 0.000s 0.373r hours on qorbani (PID 2267)
rpict: 119267840 rays, 52.50% after 0.391u 0.000s 0.391r hours on qorbani (PID 2267)
rpict: 125657152 rays, 54.31% after 0.416u 0.000s 0.417r hours on qorbani (PID 2267)
rpict: 130015219 rays, 55.97% after 0.433u 0.000s 0.434r hours on qorbani (PID 2267)
rpict: 134411435 rays, 57.64% after 0.450u 0.000s 0.451r hours on qorbani (PID 2267)
rpict: 138434882 rays, 58.47% after 0.471u 0.000s 0.471r hours on qorbani (PID 2267)
rpict: 142460515 rays, 59.86% after 0.488u 0.000s 0.489r hours on qorbani (PID 2267)
rpict: 146296084 rays, 60.69% after 0.506u 0.000s 0.507r hours on qorbani (PID 2267)
rpict: 149890243 rays, 61.25% after 0.523u 0.000s 0.524r hours on qorbani (PID 2267)
rpict: 154645235 rays, 64.03% after 0.540u 0.000s 0.540r hours on qorbani (PID 2267)
rpict: 159154530 rays, 64.72% after 0.560u 0.000s 0.561r hours on qorbani (PID 2267)
rpict: 163200880 rays, 65.14% after 0.579u 0.000s 0.579r hours on qorbani (PID 2267)
rpict: 168458738 rays, 65.69% after 0.603u 0.000s 0.603r hours on qorbani (PID 2267)
rpict: 173335735 rays, 66.39% after 0.625u 0.000s 0.626r hours on qorbani (PID 2267)
rpict: 178883674 rays, 67.08% after 0.650u 0.000s 0.650r hours on qorbani (PID 2267)
rpict: 182995377 rays, 67.50% after 0.669u 0.000s 0.669r hours on qorbani (PID 2267)
rpict: 187371297 rays, 68.06% after 0.689u 0.000s 0.689r hours on qorbani (PID 2267)
rpict: 191662946 rays, 69.86% after 0.706u 0.000s 0.706r hours on qorbani (PID 2267)
rpict: 196780548 rays, 72.22% after 0.728u 0.000s 0.729r hours on qorbani (PID 2267)
rpict: 200728424 rays, 73.06% after 0.747u 0.000s 0.748r hours on qorbani (PID 2267)
rpict: 204555915 rays, 73.61% after 0.764u 0.000s 0.765r hours on qorbani (PID 2267)
rpict: 208942090 rays, 74.58% after 0.783u 0.000s 0.784r hours on qorbani (PID 2267)
rpict: 213126287 rays, 76.25% after 0.800u 0.000s 0.801r hours on qorbani (PID 2267)
rpict: 217271210 rays, 78.19% after 0.817u 0.000s 0.818r hours on qorbani (PID 2267)
rpict: 221785093 rays, 87.08% after 0.833u 0.000s 0.834r hours on qorbani (PID 2267)
rpict: 222918778 rays, 100.00% after 0.837u 0.000s 0.837r hours on qorbani (PID 2267)
