**************
*** PID  2222: rpict -t 60 -vtv -vp 1.200 5.200 1.200 -vd 0.999 -0.042 0.000 -vu 0.000 0.000 1.000 -vh 110 -vv 77.57 -x 1280 -y 720 -ps 2 -pt 0.05 -pj 0.9 -dj 0.7 -ds 0.15 -dt 0.05 -dc 0.75 -dr 3 -dp 512 -st 0.15 -ab 4 -ad 2048 -as 1024 -ar 512 -aa 0.1 -lr 8 -lw 0.005 -e error.log thesisRoom11_5_IMG.oct

rpict: 1600 rays, 0.00% after 0.000u 0.000s 0.000r hours on qorbani (PID 2222)
rpict: warning - non-planar vertex for polygon "4c0340a0d2bc445185b1_5_0"
rpict: warning - non-planar vertex for polygon "721bc24b42c844ad9b8a_2_0"
rpict: warning - non-planar vertex for polygon "318884f53b3f401088f1_2_0"
rpict: warning - non-planar vertex for polygon "318884f53b3f401088f1_5_0"
rpict: warning - non-planar vertex for polygon "0874571dba6c417fa7da_5_0"
rpict: warning - non-planar vertex for polygon "aee9815ee20b4c22bd33_5_0"
rpict: warning - non-planar vertex for polygon "0f644150122e47699d4a_5_0"
rpict: warning - non-planar vertex for polygon "0f644150122e47699d4a_4_0"
rpict: warning - non-planar vertex for polygon "e1786e161a0340bd9339_5_0"
rpict: warning - non-planar vertex for polygon "af0453657fbd4fc1a6cb_5_0"
rpict: warning - non-planar vertex for polygon "af0453657fbd4fc1a6cb_4_0"
rpict: warning - non-planar vertex for polygon "4ff382e293f14235ae46_5_0"
rpict: warning - non-planar vertex for polygon "4ff382e293f14235ae46_4_0"
rpict: warning - non-planar vertex for polygon "8026b1b01bdb432e9344_5_0"
rpict: warning - non-planar vertex for polygon "8026b1b01bdb432e9344_2_0"
rpict: warning - non-planar vertex for polygon "8930bb43767c4d01b303_5_0"
rpict: warning - non-planar vertex for polygon "8930bb43767c4d01b303_2_0"
rpict: warning - non-planar vertex for polygon "1328de6801124bfbbdcd_14_0"
rpict: warning - non-planar vertex for polygon "721bc24b42c844ad9b8a_5_0"
rpict: warning - non-planar vertex for polygon "e996b36b3b7b455594ba_4_0"
rpict: warning - non-planar vertex for polygon "e996b36b3b7b455594ba_3_0"
rpict: warning - non-planar vertex for polygon "a7d5a716d0ba4a56b116_2_0"
rpict: warning - non-planar vertex for polygon "fe3bcbbb6ed74f698485_2_0"
rpict: warning - non-planar vertex for polygon "2f82d29716ca484988f1_5_0"
rpict: warning - non-planar vertex for polygon "5d62b4542c584182adf7_2_0"
rpict: warning - non-planar vertex for polygon "1d059439125d43a0ab85_5_0"
rpict: warning - non-planar vertex for polygon "af2bcad144c94b74b42e_2_0"
rpict: warning - non-planar vertex for polygon "3332efab72fa44e1854c_5_0"
rpict: warning - non-planar vertex for polygon "f24466af302b4d26ae41_2_0"
rpict: warning - non-planar vertex for polygon "1094a9d6ad214870b273_15_0"
rpict: warning - non-planar vertex for polygon "1094a9d6ad214870b273_14_0"
rpict: warning - non-planar vertex for polygon "1094a9d6ad214870b273_5_0"
rpict: warning - non-planar vertex for polygon "1094a9d6ad214870b273_4_0"
rpict: warning - non-planar vertex for polygon "1094a9d6ad214870b273_13_0"
rpict: warning - non-planar vertex for polygon "1094a9d6ad214870b273_6_0"
rpict: warning - non-planar vertex for polygon "fe3bcbbb6ed74f698485_5_0"
rpict: warning - non-planar vertex for polygon "809d562583e747a384b6_5_0"
rpict: warning - non-planar vertex for polygon "b6e611df94dd42dda62b_5_0"
rpict: warning - non-planar vertex for polygon "1cda2acddf1e40c2bcbd_5_0"
rpict: warning - non-planar vertex for polygon "5061deb2614842fb927e_3_0"
rpict: warning - non-planar vertex for polygon "d38cec00e2c34573bbe2_5_0"
rpict: warning - non-planar vertex for polygon "1328de6801124bfbbdcd_7_0"
rpict: warning - non-planar vertex for polygon "5360391939b842fe864b_5_0"
rpict: warning - non-planar vertex for polygon "e9bebf627c43488c9a1d_5_0"
rpict: warning - non-planar vertex for polygon "e9bebf627c43488c9a1d_3_0"
rpict: warning - non-planar vertex for polygon "e9bebf627c43488c9a1d_4_0"
rpict: warning - non-planar vertex for polygon "b2bc8ca44c3241bcbfbf_5_0"
rpict: warning - non-planar vertex for polygon "af2bcad144c94b74b42e_5_0"
rpict: warning - non-planar vertex for polygon "6ad54787cdef4b5a9cb3_5_0"
rpict: warning - non-planar vertex for polygon "6ad54787cdef4b5a9cb3_4_0"
rpict: warning - non-planar vertex for polygon "3ded06b4568644079d62_5_0"
rpict: warning - non-planar vertex for polygon "1094a9d6ad214870b273_17_0"
rpict: warning - non-planar vertex for polygon "1094a9d6ad214870b273_2_0"
rpict: warning - non-planar vertex for polygon "1094a9d6ad214870b273_9_0"
rpict: warning - non-planar vertex for polygon "1094a9d6ad214870b273_8_0"
rpict: warning - non-planar vertex for polygon "14871f8eb5ce44fca816_2_0"
rpict: warning - non-planar vertex for polygon "89eba06f446d4884b7fd_2_0"
rpict: warning - non-planar vertex for polygon "e382aa03c0164ed1a0f5_5_0"
rpict: warning - non-planar vertex for polygon "979d3822aae04cb1bab4_13_0"
rpict: warning - non-planar vertex for polygon "5061deb2614842fb927e_4_0"
rpict: warning - non-planar vertex for polygon "89eba06f446d4884b7fd_5_0"
rpict: warning - non-planar vertex for polygon "5d62b4542c584182adf7_5_0"
rpict: warning - non-planar vertex for polygon "c3629c28a05b4e658971_5_0"
rpict: warning - non-planar vertex for polygon "5061deb2614842fb927e_5_0"
rpict: warning - non-planar vertex for polygon "0398bcf9fec3405287e7_9_0"
rpict: warning - non-planar vertex for polygon "0398bcf9fec3405287e7_8_0"
rpict: warning - non-planar vertex for polygon "2d8645aa2af340aaac6e_3_0"
rpict: warning - non-planar vertex for polygon "2d8645aa2af340aaac6e_8_0"
rpict: warning - non-planar vertex for polygon "e996b36b3b7b455594ba_5_0"
rpict: warning - non-planar vertex for polygon "1094a9d6ad214870b273_3_0"
rpict: warning - non-planar vertex for polygon "14871f8eb5ce44fca816_5_0"
rpict: warning - non-planar vertex for polygon "a1ad7759a2044da4aa49_5_0"
rpict: warning - non-planar vertex for polygon "a1ad7759a2044da4aa49_4_0"
rpict: warning - non-planar vertex for polygon "a1ad7759a2044da4aa49_3_0"
rpict: warning - non-planar vertex for polygon "3ded06b4568644079d62_2_0"
rpict: warning - non-planar vertex for polygon "e382aa03c0164ed1a0f5_2_0"
rpict: warning - non-planar vertex for polygon "ce304c451c3f4e34870e_4_0"
rpict: warning - non-planar vertex for polygon "ce304c451c3f4e34870e_5_0"
rpict: warning - non-planar vertex for polygon "15577a431d9b4d7d85d9_8_0"
rpict: warning - non-planar vertex for polygon "15577a431d9b4d7d85d9_7_0"
rpict: warning - non-planar vertex for polygon "69ab8416a4bd44dc89b3_13_0"
rpict: warning - non-planar vertex for polygon "1328de6801124bfbbdcd_17_0"
rpict: warning - non-planar vertex for polygon "1328de6801124bfbbdcd_10_0"
rpict: warning - non-planar vertex for polygon "1328de6801124bfbbdcd_2_0"
rpict: warning - non-planar vertex for polygon "926a8c73923a4b85bab9_9_0"
rpict: warning - non-planar vertex for polygon "979d3822aae04cb1bab4_10_0"
rpict: warning - non-planar vertex for polygon "979d3822aae04cb1bab4_9_0"
rpict: warning - non-planar vertex for polygon "979d3822aae04cb1bab4_2_0"
rpict: warning - non-planar vertex for polygon "979d3822aae04cb1bab4_11_0"
rpict: warning - non-planar vertex for polygon "979d3822aae04cb1bab4_8_0"
rpict: warning - non-planar vertex for polygon "69ab8416a4bd44dc89b3_17_0"
rpict: warning - non-planar vertex for polygon "69ab8416a4bd44dc89b3_2_0"
rpict: warning - non-planar vertex for polygon "15577a431d9b4d7d85d9_5_0"
rpict: warning - non-planar vertex for polygon "15577a431d9b4d7d85d9_4_0"
rpict: warning - non-planar vertex for polygon "15577a431d9b4d7d85d9_15_0"
rpict: warning - non-planar vertex for polygon "15577a431d9b4d7d85d9_14_0"
rpict: warning - non-planar vertex for polygon "0398bcf9fec3405287e7_13_0"
rpict: warning - non-planar vertex for polygon "0398bcf9fec3405287e7_12_0"
rpict: warning - non-planar vertex for polygon "0398bcf9fec3405287e7_7_0"
rpict: warning - non-planar vertex for polygon "b6e611df94dd42dda62b_2_0"
rpict: warning - non-planar vertex for polygon "2d8645aa2af340aaac6e_17_0"
rpict: warning - non-planar vertex for polygon "2d8645aa2af340aaac6e_9_0"
rpict: warning - non-planar vertex for polygon "2d8645aa2af340aaac6e_2_0"
rpict: warning - non-planar vertex for polygon "1328de6801124bfbbdcd_12_0"
rpict: warning - non-planar vertex for polygon "a7d5a716d0ba4a56b116_5_0"
rpict: warning - non-planar vertex for polygon "fb3d88e8210f4ee080eb_5_0"
rpict: warning - non-planar vertex for polygon "fb3d88e8210f4ee080eb_3_0"
rpict: warning - non-planar vertex for polygon "7e5dae9bc01941128695_15_0"
rpict: warning - non-planar vertex for polygon "7e5dae9bc01941128695_4_0"
rpict: warning - non-planar vertex for polygon "7e5dae9bc01941128695_14_0"
rpict: warning - non-planar vertex for polygon "7e5dae9bc01941128695_5_0"
rpict: warning - non-planar vertex for polygon "7e5dae9bc01941128695_6_0"
rpict: warning - non-planar vertex for polygon "0398bcf9fec3405287e7_5_0"
rpict: warning - non-planar vertex for polygon "0398bcf9fec3405287e7_4_0"
rpict: warning - non-planar vertex for polygon "835dca85efa34a3faf11_13_0"
rpict: warning - non-planar vertex for polygon "835dca85efa34a3faf11_6_0"
rpict: warning - non-planar vertex for polygon "835dca85efa34a3faf11_5_0"
rpict: warning - non-planar vertex for polygon "44ae195eb7bb4805806d_14_0"
rpict: warning - non-planar vertex for polygon "44ae195eb7bb4805806d_11_0"
rpict: warning - non-planar vertex for polygon "44ae195eb7bb4805806d_10_0"
rpict: warning - non-planar vertex for polygon "44ae195eb7bb4805806d_9_0"
rpict: warning - non-planar vertex for polygon "44ae195eb7bb4805806d_8_0"
rpict: warning - non-planar vertex for polygon "6385dd78f33f4e398dcc_5_0"
rpict: warning - non-planar vertex for polygon "147f1326f0244cb6a646_6_0"
rpict: warning - non-planar vertex for polygon "147f1326f0244cb6a646_5_0"
rpict: warning - non-planar vertex for polygon "ca630637d83645f6bcdb_4_0"
rpict: warning - non-planar vertex for polygon "ca630637d83645f6bcdb_5_0"
rpict: warning - non-planar vertex for polygon "7e5dae9bc01941128695_9_0"
rpict: warning - non-planar vertex for polygon "7e5dae9bc01941128695_8_0"
rpict: warning - non-planar vertex for polygon "147f1326f0244cb6a646_4_0"
rpict: warning - non-planar vertex for polygon "f24466af302b4d26ae41_5_0"
rpict: warning - non-planar vertex for polygon "835dca85efa34a3faf11_4_0"
rpict: warning - non-planar vertex for polygon "fb3d88e8210f4ee080eb_4_0"
rpict: warning - non-planar vertex for polygon "9dc6af1f1cfc48a8b678_17_0"
rpict: warning - non-planar vertex for polygon "9dc6af1f1cfc48a8b678_16_0"
rpict: warning - non-planar vertex for polygon "9dc6af1f1cfc48a8b678_3_0"
rpict: warning - non-planar vertex for polygon "9dc6af1f1cfc48a8b678_2_0"
rpict: warning - non-planar vertex for polygon "15577a431d9b4d7d85d9_6_0"
rpict: warning - non-planar vertex for polygon "1094a9d6ad214870b273_16_0"
rpict: warning - non-planar vertex for polygon "147f1326f0244cb6a646_10_0"
rpict: warning - non-planar vertex for polygon "147f1326f0244cb6a646_9_0"
rpict: warning - non-planar vertex for polygon "147f1326f0244cb6a646_11_0"
rpict: warning - non-planar vertex for polygon "9dc6af1f1cfc48a8b678_4_0"
rpict: warning - non-planar vertex for polygon "44ae195eb7bb4805806d_17_0"
rpict: warning - non-planar vertex for polygon "44ae195eb7bb4805806d_2_0"
rpict: warning - non-planar vertex for polygon "15577a431d9b4d7d85d9_17_0"
rpict: warning - non-planar vertex for polygon "15577a431d9b4d7d85d9_2_0"
rpict: warning - non-planar vertex for polygon "15577a431d9b4d7d85d9_9_0"
rpict: warning - non-planar vertex for polygon "15577a431d9b4d7d85d9_12_0"
rpict: warning - non-planar vertex for polygon "15577a431d9b4d7d85d9_16_0"
rpict: warning - non-planar vertex for polygon "15577a431d9b4d7d85d9_3_0"
rpict: warning - non-planar vertex for polygon "15577a431d9b4d7d85d9_13_0"
rpict: warning - non-planar vertex for polygon "a4a52574fab44344b644_9_0"
rpict: warning - non-planar vertex for polygon "a4a52574fab44344b644_8_0"
rpict: warning - non-planar vertex for polygon "d5ddbf75dca643eea590_5_0"
rpict: warning - non-planar vertex for polygon "d5ddbf75dca643eea590_4_0"
rpict: warning - non-planar vertex for polygon "d5ddbf75dca643eea590_6_0"
rpict: warning - non-planar vertex for polygon "d5ddbf75dca643eea590_12_0"
rpict: warning - non-planar vertex for polygon "1094a9d6ad214870b273_12_0"
rpict: warning - non-planar vertex for polygon "1094a9d6ad214870b273_7_0"
rpict: warning - non-planar vertex for polygon "926a8c73923a4b85bab9_8_0"
rpict: warning - non-planar vertex for polygon "979d3822aae04cb1bab4_16_0"
rpict: warning - non-planar vertex for polygon "cf26b20b44ef4a13b39b_11_0"
rpict: warning - non-planar vertex for polygon "cf26b20b44ef4a13b39b_10_0"
rpict: warning - non-planar vertex for polygon "cf26b20b44ef4a13b39b_9_0"
rpict: warning - non-planar vertex for polygon "cf26b20b44ef4a13b39b_8_0"
rpict: warning - non-planar vertex for polygon "69ab8416a4bd44dc89b3_16_0"
rpict: warning - non-planar vertex for polygon "835dca85efa34a3faf11_12_0"
rpict: warning - non-planar vertex for polygon "835dca85efa34a3faf11_7_0"
rpict: warning - non-planar vertex for polygon "835dca85efa34a3faf11_11_0"
rpict: warning - non-planar vertex for polygon "fef8d3fe72a84b3da409_5_0"
rpict: warning - non-planar vertex for polygon "ac74b0004cf0491ba670_5_0"
rpict: warning - non-planar vertex for polygon "fef8d3fe72a84b3da409_4_0"
rpict: warning - non-planar vertex for polygon "979d3822aae04cb1bab4_12_0"
rpict: warning - non-planar vertex for polygon "979d3822aae04cb1bab4_7_0"
rpict: warning - non-planar vertex for polygon "979d3822aae04cb1bab4_4_0"
rpict: warning - non-planar vertex for polygon "979d3822aae04cb1bab4_5_0"
rpict: warning - non-planar vertex for polygon "9dc6af1f1cfc48a8b678_9_0"
rpict: warning - non-planar vertex for polygon "faa00d93658a4696a5c9_5_0"
rpict: warning - non-planar vertex for polygon "faa00d93658a4696a5c9_12_0"
rpict: warning - non-planar vertex for polygon "9dc6af1f1cfc48a8b678_15_0"
rpict: warning - non-planar vertex for polygon "9dc6af1f1cfc48a8b678_14_0"
rpict: warning - non-planar vertex for polygon "9dc6af1f1cfc48a8b678_5_0"
rpict: warning - non-planar vertex for polygon "9dc6af1f1cfc48a8b678_13_0"
rpict: warning - non-planar vertex for polygon "9dc6af1f1cfc48a8b678_6_0"
rpict: warning - non-planar vertex for polygon "1328de6801124bfbbdcd_15_0"
rpict: warning - non-planar vertex for polygon "e0f0db5604134b1289b1_14_0"
rpict: warning - non-planar vertex for polygon "835dca85efa34a3faf11_17_0"
rpict: warning - non-planar vertex for polygon "835dca85efa34a3faf11_2_0"
rpict: warning - non-planar vertex for polygon "c85f6e1ec5c945e29355_5_0"
rpict: warning - non-planar vertex for polygon "6408e376c03c41e7bdea_9_0"
rpict: warning - non-planar vertex for polygon "6408e376c03c41e7bdea_8_0"
rpict: warning - non-planar vertex for polygon "5f8d58664359452690f0_2_0"
rpict: warning - non-planar vertex for polygon "1328de6801124bfbbdcd_11_0"
rpict: warning - non-planar vertex for polygon "faa00d93658a4696a5c9_4_0"
rpict: warning - non-planar vertex for polygon "faa00d93658a4696a5c9_7_0"
rpict: warning - non-planar vertex for polygon "69ab8416a4bd44dc89b3_7_0"
rpict: warning - non-planar vertex for polygon "0398bcf9fec3405287e7_16_0"
rpict: warning - non-planar vertex for polygon "0398bcf9fec3405287e7_3_0"
rpict: warning - non-planar vertex for polygon "2d8645aa2af340aaac6e_4_0"
rpict: warning - non-planar vertex for polygon "2d8645aa2af340aaac6e_5_0"
rpict: warning - non-planar vertex for polygon "119c913e2e5f45b3aa00_8_0"
rpict: warning - non-planar vertex for polygon "119c913e2e5f45b3aa00_12_0"
rpict: warning - non-planar vertex for polygon "119c913e2e5f45b3aa00_7_0"
rpict: warning - non-planar vertex for polygon "0398bcf9fec3405287e7_15_0"
rpict: warning - non-planar vertex for polygon "d5ddbf75dca643eea590_3_0"
rpict: warning - non-planar vertex for polygon "d5ddbf75dca643eea590_17_0"
rpict: warning - non-planar vertex for polygon "cf26b20b44ef4a13b39b_6_0"
rpict: warning - non-planar vertex for polygon "cf26b20b44ef4a13b39b_5_0"
rpict: warning - non-planar vertex for polygon "44ae195eb7bb4805806d_15_0"
rpict: warning - non-planar vertex for polygon "44ae195eb7bb4805806d_6_0"
rpict: warning - non-planar vertex for polygon "44ae195eb7bb4805806d_5_0"
rpict: warning - non-planar vertex for polygon "44ae195eb7bb4805806d_4_0"
rpict: warning - non-planar vertex for polygon "8bcb48e20cd44f1c9cab_12_0"
rpict: warning - non-planar vertex for polygon "e0f0db5604134b1289b1_15_0"
rpict: warning - non-planar vertex for polygon "e0f0db5604134b1289b1_5_0"
rpict: warning - non-planar vertex for polygon "e0f0db5604134b1289b1_4_0"
rpict: warning - non-planar vertex for polygon "e0f0db5604134b1289b1_11_0"
rpict: warning - non-planar vertex for polygon "e0f0db5604134b1289b1_8_0"
rpict: warning - non-planar vertex for polygon "e0f0db5604134b1289b1_6_0"
rpict: warning - non-planar vertex for polygon "5f8d58664359452690f0_14_0"
rpict: warning - non-planar vertex for polygon "d5ddbf75dca643eea590_11_0"
rpict: warning - non-planar vertex for polygon "d5ddbf75dca643eea590_8_0"
rpict: warning - non-planar vertex for polygon "d5ddbf75dca643eea590_9_0"
rpict: warning - non-planar vertex for polygon "c8e45bd6969643f78378_14_0"
rpict: warning - non-planar vertex for polygon "979d3822aae04cb1bab4_17_0"
rpict: warning - non-planar vertex for polygon "8026b1b01bdb432e9344_0"
rpict: warning - non-planar vertex for polygon "2d8645aa2af340aaac6e_6_0"
rpict: warning - non-planar vertex for polygon "835dca85efa34a3faf11_10_0"
rpict: warning - non-planar vertex for polygon "835dca85efa34a3faf11_8_0"
rpict: warning - non-planar vertex for polygon "147f1326f0244cb6a646_12_0"
rpict: warning - non-planar vertex for polygon "d5ddbf75dca643eea590_10_0"
rpict: warning - non-planar vertex for polygon "e0f0db5604134b1289b1_9_0"
rpict: warning - non-planar vertex for polygon "e0f0db5604134b1289b1_2_0"
rpict: warning - non-planar vertex for polygon "835dca85efa34a3faf11_9_0"
rpict: warning - non-planar vertex for polygon "0398bcf9fec3405287e7_17_0"
rpict: warning - non-planar vertex for polygon "0398bcf9fec3405287e7_2_0"
rpict: warning - non-planar vertex for polygon "af2bcad144c94b74b42e_0"
rpict: warning - non-planar vertex for polygon "e0f0db5604134b1289b1_10_0"
rpict: warning - non-planar vertex for polygon "0398bcf9fec3405287e7_14_0"
rpict: warning - non-planar vertex for polygon "cf26b20b44ef4a13b39b_4_0"
rpict: warning - non-planar vertex for polygon "cf26b20b44ef4a13b39b_3_0"
rpict: warning - non-planar vertex for polygon "147f1326f0244cb6a646_17_0"
rpict: warning - non-planar vertex for polygon "e0f0db5604134b1289b1_7_0"
rpict: warning - non-planar vertex for polygon "e0f0db5604134b1289b1_12_0"
rpict: warning - non-planar vertex for polygon "c3629c28a05b4e658971_0"
rpict: warning - non-planar vertex for polygon "e382aa03c0164ed1a0f5_0"
rpict: warning - non-planar vertex for polygon "318884f53b3f401088f1_0"
rpict: warning - non-planar vertex for polygon "f24466af302b4d26ae41_0"
rpict: warning - non-planar vertex for polygon "1d059439125d43a0ab85_0"
rpict: warning - non-planar vertex for polygon "8bcb48e20cd44f1c9cab_17_0"
rpict: warning - non-planar vertex for polygon "8bcb48e20cd44f1c9cab_10_0"
rpict: warning - non-planar vertex for polygon "8bcb48e20cd44f1c9cab_11_0"
rpict: warning - non-planar vertex for polygon "8bcb48e20cd44f1c9cab_9_0"
rpict: warning - non-planar vertex for polygon "8bcb48e20cd44f1c9cab_8_0"
rpict: warning - non-planar vertex for polygon "5f8d58664359452690f0_7_0"
rpict: warning - non-planar vertex for polygon "2d8645aa2af340aaac6e_12_0"
rpict: warning - non-planar vertex for polygon "e0f0db5604134b1289b1_17_0"
rpict: warning - non-planar vertex for polygon "9dc6af1f1cfc48a8b678_8_0"
rpict: warning - non-planar vertex for polygon "119c913e2e5f45b3aa00_5_0"
rpict: warning - non-planar vertex for polygon "119c913e2e5f45b3aa00_4_0"
rpict: warning - non-planar vertex for polygon "7e5dae9bc01941128695_3_0"
rpict: warning - non-planar vertex for polygon "7e5dae9bc01941128695_7_0"
rpict: warning - non-planar vertex for polygon "8bcb48e20cd44f1c9cab_5_0"
rpict: warning - non-planar vertex for polygon "8bcb48e20cd44f1c9cab_6_0"
rpict: warning - non-planar vertex for polygon "2d8645aa2af340aaac6e_7_0"
rpict: warning - non-planar vertex for polygon "721bc24b42c844ad9b8a_0"
rpict: warning - non-planar vertex for polygon "faa00d93658a4696a5c9_17_0"
rpict: warning - non-planar vertex for polygon "faa00d93658a4696a5c9_10_0"
rpict: warning - non-planar vertex for polygon "faa00d93658a4696a5c9_9_0"
rpict: warning - non-planar vertex for polygon "faa00d93658a4696a5c9_11_0"
rpict: warning - non-planar vertex for polygon "faa00d93658a4696a5c9_8_0"
rpict: warning - non-planar vertex for polygon "5f8d58664359452690f0_15_0"
rpict: warning - non-planar vertex for polygon "7e5dae9bc01941128695_2_0"
rpict: warning - non-planar vertex for polygon "e1786e161a0340bd9339_0"
rpict: warning - non-planar vertex for polygon "d38cec00e2c34573bbe2_0"
rpict: warning - non-planar vertex for polygon "9dc6af1f1cfc48a8b678_12_0"
rpict: warning - non-planar vertex for polygon "9dc6af1f1cfc48a8b678_7_0"
rpict: warning - non-planar vertex for polygon "119c913e2e5f45b3aa00_3_0"
rpict: warning - non-planar vertex for polygon "147f1326f0244cb6a646_3_0"
rpict: warning - non-planar vertex for polygon "1cda2acddf1e40c2bcbd_0"
rpict: warning - non-planar vertex for polygon "4ff382e293f14235ae46_0"
rpict: warning - non-planar vertex for polygon "4c0340a0d2bc445185b1_0"
rpict: warning - non-planar vertex for polygon "44ae195eb7bb4805806d_3_0"
rpict: warning - non-planar vertex for polygon "69ab8416a4bd44dc89b3_12_0"
rpict: warning - non-planar vertex for polygon "af0453657fbd4fc1a6cb_0"
rpict: warning - non-planar vertex for polygon "b6e611df94dd42dda62b_0"
rpict: warning - non-planar vertex for polygon "809d562583e747a384b6_0"
rpict: warning - non-planar vertex for polygon "14871f8eb5ce44fca816_0"
rpict: warning - non-planar vertex for polygon "8bcb48e20cd44f1c9cab_4_0"
rpict: warning - non-planar vertex for polygon "835dca85efa34a3faf11_3_0"
rpict: warning - non-planar vertex for polygon "835dca85efa34a3faf11_16_0"
rpict: warning - non-planar vertex for polygon "a1ad7759a2044da4aa49_0"
rpict: warning - non-planar vertex for polygon "119c913e2e5f45b3aa00_17_0"
rpict: warning - non-planar vertex for polygon "119c913e2e5f45b3aa00_2_0"
rpict: warning - non-planar vertex for polygon "119c913e2e5f45b3aa00_9_0"
rpict: warning - non-planar vertex for polygon "44ae195eb7bb4805806d_13_0"
rpict: warning - non-planar vertex for polygon "44ae195eb7bb4805806d_12_0"
rpict: warning - non-planar vertex for polygon "44ae195eb7bb4805806d_7_0"
rpict: warning - non-planar vertex for polygon "44ae195eb7bb4805806d_16_0"
rpict: warning - non-planar vertex for polygon "cf26b20b44ef4a13b39b_17_0"
rpict: warning - non-planar vertex for polygon "147f1326f0244cb6a646_8_0"
rpict: warning - non-planar vertex for polygon "119c913e2e5f45b3aa00_6_0"
rpict: warning - non-planar vertex for polygon "faa00d93658a4696a5c9_2_0"
rpict: warning - non-planar vertex for polygon "0398bcf9fec3405287e7_6_0"
rpict: warning - non-planar vertex for polygon "67b5badc335449c9a255_18_0"
rpict: warning - non-planar vertex for polygon "89eba06f446d4884b7fd_0"
rpict: warning - non-planar vertex for polygon "5d62b4542c584182adf7_0"
rpict: warning - non-planar vertex for polygon "0874571dba6c417fa7da_0"
rpict: warning - non-planar vertex for polygon "0f644150122e47699d4a_0"
rpict: warning - non-planar vertex for polygon "aee9815ee20b4c22bd33_0"
rpict: warning - non-planar vertex for polygon "c8e45bd6969643f78378_18_0"
rpict: warning - non-planar vertex for polygon "e0f0db5604134b1289b1_3_0"
rpict: warning - non-planar vertex for polygon "3332efab72fa44e1854c_0"
rpict: warning - non-planar vertex for polygon "e9bebf627c43488c9a1d_0"
rpict: warning - non-planar vertex for polygon "8bcb48e20cd44f1c9cab_3_0"
rpict: warning - non-planar vertex for polygon "3ded06b4568644079d62_0"
rpict: warning - non-planar vertex for polygon "5061deb2614842fb927e_0"
rpict: warning - non-planar vertex for polygon "b2bc8ca44c3241bcbfbf_0"
rpict: warning - non-planar vertex for polygon "6385dd78f33f4e398dcc_0"
rpict: warning - non-planar vertex for polygon "fe3bcbbb6ed74f698485_0"
rpict: warning - non-planar vertex for polygon "ac74b0004cf0491ba670_0"
rpict: warning - non-planar vertex for polygon "f957f737b1b74157b45e_18_0"
rpict: warning - non-planar vertex for polygon "cbd3d9f411ca4b2dab50_16_0"
rpict: warning - non-planar vertex for polygon "ce304c451c3f4e34870e_0"
rpict: warning - non-planar vertex for polygon "6ad54787cdef4b5a9cb3_0"
rpict: warning - non-planar vertex for polygon "cf26b20b44ef4a13b39b_12_0"
rpict: warning - non-planar vertex for polygon "8f19a68084c046f2a48a_18_0"
rpict: warning - non-planar vertex for polygon "2f82d29716ca484988f1_0"
rpict: warning - non-planar vertex for polygon "fb3d88e8210f4ee080eb_0"
rpict: warning - non-planar vertex for polygon "f957f737b1b74157b45e_16_0"
rpict: warning - non-planar vertex for polygon "c85f6e1ec5c945e29355_0"
rpict: warning - non-planar vertex for polygon "e996b36b3b7b455594ba_0"
rpict: warning - non-planar vertex for polygon "a7d5a716d0ba4a56b116_0"
rpict: warning - non-planar vertex for polygon "18a1a482ddf54035a1c0_16_0"
rpict: warning - non-planar vertex for polygon "8930bb43767c4d01b303_0"
rpict: warning - non-planar vertex for polygon "521c82e8463f462f90ea_16_0"
rpict: warning - non-planar vertex for polygon "5ad3234ca13c4d0fa9aa_14_0"
rpict: warning - non-planar vertex for polygon "8f19a68084c046f2a48a_16_0"
rpict: warning - non-planar vertex for polygon "5360391939b842fe864b_0"
rpict: warning - non-planar vertex for polygon "cbd3d9f411ca4b2dab50_18_0"
rpict: warning - non-planar vertex for polygon "5ad3234ca13c4d0fa9aa_18_0"
rpict: warning - non-planar vertex for polygon "521c82e8463f462f90ea_18_0"
rpict: 50481499 rays, 0.14% after 0.148u 0.000s 0.148r hours on qorbani (PID 2222)
rpict: 56186236 rays, 3.75% after 0.167u 0.000s 0.167r hours on qorbani (PID 2222)
rpict: 61542777 rays, 9.17% after 0.184u 0.000s 0.184r hours on qorbani (PID 2222)
rpict: 66606493 rays, 12.78% after 0.201u 0.000s 0.201r hours on qorbani (PID 2222)
rpict: 71985588 rays, 16.94% after 0.218u 0.000s 0.218r hours on qorbani (PID 2222)
rpict: 77137040 rays, 20.56% after 0.235u 0.000s 0.235r hours on qorbani (PID 2222)
rpict: 82254029 rays, 24.03% after 0.252u 0.000s 0.252r hours on qorbani (PID 2222)
rpict: 87325402 rays, 27.22% after 0.269u 0.000s 0.269r hours on qorbani (PID 2222)
rpict: 92208214 rays, 28.61% after 0.290u 0.000s 0.290r hours on qorbani (PID 2222)
rpict: 96432572 rays, 29.58% after 0.307u 0.000s 0.307r hours on qorbani (PID 2222)
rpict: 100556796 rays, 33.75% after 0.324u 0.000s 0.324r hours on qorbani (PID 2222)
rpict: 104754952 rays, 38.61% after 0.341u 0.000s 0.341r hours on qorbani (PID 2222)
rpict: 109051358 rays, 44.72% after 0.358u 0.000s 0.358r hours on qorbani (PID 2222)
rpict: 113588301 rays, 50.83% after 0.375u 0.000s 0.375r hours on qorbani (PID 2222)
rpict: 117471327 rays, 52.08% after 0.392u 0.000s 0.393r hours on qorbani (PID 2222)
rpict: 123558946 rays, 54.31% after 0.413u 0.000s 0.414r hours on qorbani (PID 2222)
rpict: 127832467 rays, 55.97% after 0.430u 0.000s 0.431r hours on qorbani (PID 2222)
rpict: 133100161 rays, 57.36% after 0.456u 0.000s 0.456r hours on qorbani (PID 2222)
rpict: 137058107 rays, 59.03% after 0.473u 0.000s 0.473r hours on qorbani (PID 2222)
rpict: 142688582 rays, 60.56% after 0.498u 0.000s 0.498r hours on qorbani (PID 2222)
rpict: 147371149 rays, 61.67% after 0.516u 0.000s 0.516r hours on qorbani (PID 2222)
rpict: 151404577 rays, 63.47% after 0.532u 0.000s 0.532r hours on qorbani (PID 2222)
rpict: 156068887 rays, 64.44% after 0.555u 0.000s 0.555r hours on qorbani (PID 2222)
rpict: 159996533 rays, 64.86% after 0.574u 0.000s 0.574r hours on qorbani (PID 2222)
rpict: 165105898 rays, 65.42% after 0.597u 0.000s 0.597r hours on qorbani (PID 2222)
rpict: 169357620 rays, 66.11% after 0.615u 0.000s 0.615r hours on qorbani (PID 2222)
rpict: 173901059 rays, 66.94% after 0.632u 0.000s 0.632r hours on qorbani (PID 2222)
rpict: 178670273 rays, 67.50% after 0.654u 0.000s 0.654r hours on qorbani (PID 2222)
rpict: 182291437 rays, 68.06% after 0.671u 0.000s 0.671r hours on qorbani (PID 2222)
rpict: 186682978 rays, 70.00% after 0.688u 0.000s 0.688r hours on qorbani (PID 2222)
rpict: 190621544 rays, 72.08% after 0.705u 0.000s 0.705r hours on qorbani (PID 2222)
rpict: 194334926 rays, 72.92% after 0.722u 0.000s 0.723r hours on qorbani (PID 2222)
rpict: 198838102 rays, 73.61% after 0.743u 0.000s 0.743r hours on qorbani (PID 2222)
rpict: 202988746 rays, 74.58% after 0.760u 0.000s 0.760r hours on qorbani (PID 2222)
rpict: 206735149 rays, 75.69% after 0.777u 0.000s 0.777r hours on qorbani (PID 2222)
rpict: 210710053 rays, 77.08% after 0.793u 0.000s 0.794r hours on qorbani (PID 2222)
rpict: 214830287 rays, 79.44% after 0.810u 0.000s 0.811r hours on qorbani (PID 2222)
rpict: 218295164 rays, 100.00% after 0.824u 0.000s 0.824r hours on qorbani (PID 2222)
