**************
*** PID  2304: rpict -t 60 -vtv -vp 1.200 5.200 1.200 -vd 0.999 -0.042 0.000 -vu 0.000 0.000 1.000 -vh 110 -vv 77.57 -x 1280 -y 720 -ps 2 -pt 0.05 -pj 0.9 -dj 0.7 -ds 0.15 -dt 0.05 -dc 0.75 -dr 3 -dp 512 -st 0.15 -ab 4 -ad 2048 -as 1024 -ar 512 -aa 0.1 -lr 8 -lw 0.005 -e error.log thesisRoom11_5_IMG.oct

rpict: 1600 rays, 0.00% after 0.000u 0.000s 0.000r hours on qorbani (PID 2304)
rpict: warning - non-planar vertex for polygon "4c0340a0d2bc445185b1_5_0"
rpict: warning - non-planar vertex for polygon "af2bcad144c94b74b42e_2_0"
rpict: warning - non-planar vertex for polygon "4ff382e293f14235ae46_4_0"
rpict: warning - non-planar vertex for polygon "318884f53b3f401088f1_5_0"
rpict: warning - non-planar vertex for polygon "1cda2acddf1e40c2bcbd_5_0"
rpict: warning - non-planar vertex for polygon "8026b1b01bdb432e9344_5_0"
rpict: warning - non-planar vertex for polygon "8026b1b01bdb432e9344_2_0"
rpict: warning - non-planar vertex for polygon "721bc24b42c844ad9b8a_2_0"
rpict: warning - non-planar vertex for polygon "721bc24b42c844ad9b8a_5_0"
rpict: warning - non-planar vertex for polygon "e9bebf627c43488c9a1d_5_0"
rpict: warning - non-planar vertex for polygon "e9bebf627c43488c9a1d_4_0"
rpict: warning - non-planar vertex for polygon "e9bebf627c43488c9a1d_3_0"
rpict: warning - non-planar vertex for polygon "b2bc8ca44c3241bcbfbf_5_0"
rpict: warning - non-planar vertex for polygon "4ff382e293f14235ae46_5_0"
rpict: warning - non-planar vertex for polygon "1094a9d6ad214870b273_15_0"
rpict: warning - non-planar vertex for polygon "1094a9d6ad214870b273_14_0"
rpict: warning - non-planar vertex for polygon "1094a9d6ad214870b273_5_0"
rpict: warning - non-planar vertex for polygon "1094a9d6ad214870b273_4_0"
rpict: warning - non-planar vertex for polygon "e1786e161a0340bd9339_5_0"
rpict: warning - non-planar vertex for polygon "af0453657fbd4fc1a6cb_5_0"
rpict: warning - non-planar vertex for polygon "af0453657fbd4fc1a6cb_4_0"
rpict: warning - non-planar vertex for polygon "1094a9d6ad214870b273_12_0"
rpict: warning - non-planar vertex for polygon "1094a9d6ad214870b273_7_0"
rpict: warning - non-planar vertex for polygon "1094a9d6ad214870b273_8_0"
rpict: warning - non-planar vertex for polygon "1d059439125d43a0ab85_5_0"
rpict: warning - non-planar vertex for polygon "5061deb2614842fb927e_4_0"
rpict: warning - non-planar vertex for polygon "5061deb2614842fb927e_5_0"
rpict: warning - non-planar vertex for polygon "5061deb2614842fb927e_3_0"
rpict: warning - non-planar vertex for polygon "fe3bcbbb6ed74f698485_5_0"
rpict: warning - non-planar vertex for polygon "6385dd78f33f4e398dcc_5_0"
rpict: warning - non-planar vertex for polygon "2f82d29716ca484988f1_5_0"
rpict: warning - non-planar vertex for polygon "e382aa03c0164ed1a0f5_5_0"
rpict: warning - non-planar vertex for polygon "c3629c28a05b4e658971_5_0"
rpict: warning - non-planar vertex for polygon "15577a431d9b4d7d85d9_9_0"
rpict: warning - non-planar vertex for polygon "15577a431d9b4d7d85d9_8_0"
rpict: warning - non-planar vertex for polygon "318884f53b3f401088f1_2_0"
rpict: warning - non-planar vertex for polygon "e382aa03c0164ed1a0f5_2_0"
rpict: warning - non-planar vertex for polygon "a7d5a716d0ba4a56b116_5_0"
rpict: warning - non-planar vertex for polygon "a7d5a716d0ba4a56b116_2_0"
rpict: warning - non-planar vertex for polygon "0874571dba6c417fa7da_5_0"
rpict: warning - non-planar vertex for polygon "147f1326f0244cb6a646_6_0"
rpict: warning - non-planar vertex for polygon "147f1326f0244cb6a646_5_0"
rpict: warning - non-planar vertex for polygon "5360391939b842fe864b_5_0"
rpict: warning - non-planar vertex for polygon "44ae195eb7bb4805806d_15_0"
rpict: warning - non-planar vertex for polygon "44ae195eb7bb4805806d_4_0"
rpict: warning - non-planar vertex for polygon "44ae195eb7bb4805806d_3_0"
rpict: warning - non-planar vertex for polygon "1094a9d6ad214870b273_9_0"
rpict: warning - non-planar vertex for polygon "d38cec00e2c34573bbe2_5_0"
rpict: warning - non-planar vertex for polygon "af2bcad144c94b74b42e_5_0"
rpict: warning - non-planar vertex for polygon "14871f8eb5ce44fca816_2_0"
rpict: warning - non-planar vertex for polygon "14871f8eb5ce44fca816_5_0"
rpict: warning - non-planar vertex for polygon "a1ad7759a2044da4aa49_5_0"
rpict: warning - non-planar vertex for polygon "a1ad7759a2044da4aa49_4_0"
rpict: warning - non-planar vertex for polygon "a1ad7759a2044da4aa49_3_0"
rpict: warning - non-planar vertex for polygon "fe3bcbbb6ed74f698485_2_0"
rpict: warning - non-planar vertex for polygon "89eba06f446d4884b7fd_5_0"
rpict: warning - non-planar vertex for polygon "3ded06b4568644079d62_2_0"
rpict: warning - non-planar vertex for polygon "e996b36b3b7b455594ba_5_0"
rpict: warning - non-planar vertex for polygon "e996b36b3b7b455594ba_3_0"
rpict: warning - non-planar vertex for polygon "e996b36b3b7b455594ba_4_0"
rpict: warning - non-planar vertex for polygon "8930bb43767c4d01b303_5_0"
rpict: warning - non-planar vertex for polygon "fb3d88e8210f4ee080eb_5_0"
rpict: warning - non-planar vertex for polygon "fb3d88e8210f4ee080eb_4_0"
rpict: warning - non-planar vertex for polygon "fb3d88e8210f4ee080eb_3_0"
rpict: warning - non-planar vertex for polygon "0f644150122e47699d4a_5_0"
rpict: warning - non-planar vertex for polygon "0f644150122e47699d4a_4_0"
rpict: warning - non-planar vertex for polygon "979d3822aae04cb1bab4_13_0"
rpict: warning - non-planar vertex for polygon "89eba06f446d4884b7fd_2_0"
rpict: warning - non-planar vertex for polygon "5d62b4542c584182adf7_2_0"
rpict: warning - non-planar vertex for polygon "6ad54787cdef4b5a9cb3_4_0"
rpict: warning - non-planar vertex for polygon "f24466af302b4d26ae41_5_0"
rpict: warning - non-planar vertex for polygon "1094a9d6ad214870b273_3_0"
rpict: warning - non-planar vertex for polygon "1094a9d6ad214870b273_16_0"
rpict: warning - non-planar vertex for polygon "1094a9d6ad214870b273_17_0"
rpict: warning - non-planar vertex for polygon "0398bcf9fec3405287e7_9_0"
rpict: warning - non-planar vertex for polygon "0398bcf9fec3405287e7_8_0"
rpict: warning - non-planar vertex for polygon "15577a431d9b4d7d85d9_15_0"
rpict: warning - non-planar vertex for polygon "15577a431d9b4d7d85d9_14_0"
rpict: warning - non-planar vertex for polygon "15577a431d9b4d7d85d9_5_0"
rpict: warning - non-planar vertex for polygon "15577a431d9b4d7d85d9_4_0"
rpict: warning - non-planar vertex for polygon "15577a431d9b4d7d85d9_6_0"
rpict: warning - non-planar vertex for polygon "15577a431d9b4d7d85d9_13_0"
rpict: warning - non-planar vertex for polygon "3332efab72fa44e1854c_5_0"
rpict: warning - non-planar vertex for polygon "faa00d93658a4696a5c9_11_0"
rpict: warning - non-planar vertex for polygon "faa00d93658a4696a5c9_10_0"
rpict: warning - non-planar vertex for polygon "faa00d93658a4696a5c9_9_0"
rpict: warning - non-planar vertex for polygon "faa00d93658a4696a5c9_8_0"
rpict: warning - non-planar vertex for polygon "aee9815ee20b4c22bd33_5_0"
rpict: warning - non-planar vertex for polygon "faa00d93658a4696a5c9_4_0"
rpict: warning - non-planar vertex for polygon "15577a431d9b4d7d85d9_17_0"
rpict: warning - non-planar vertex for polygon "15577a431d9b4d7d85d9_2_0"
rpict: warning - non-planar vertex for polygon "809d562583e747a384b6_5_0"
rpict: warning - non-planar vertex for polygon "b6e611df94dd42dda62b_2_0"
rpict: warning - non-planar vertex for polygon "6ad54787cdef4b5a9cb3_5_0"
rpict: warning - non-planar vertex for polygon "0398bcf9fec3405287e7_5_0"
rpict: warning - non-planar vertex for polygon "0398bcf9fec3405287e7_4_0"
rpict: warning - non-planar vertex for polygon "b6e611df94dd42dda62b_5_0"
rpict: warning - non-planar vertex for polygon "c85f6e1ec5c945e29355_5_0"
rpict: warning - non-planar vertex for polygon "3ded06b4568644079d62_5_0"
rpict: warning - non-planar vertex for polygon "5d62b4542c584182adf7_5_0"
rpict: warning - non-planar vertex for polygon "f24466af302b4d26ae41_2_0"
rpict: warning - non-planar vertex for polygon "69ab8416a4bd44dc89b3_13_0"
rpict: warning - non-planar vertex for polygon "1094a9d6ad214870b273_13_0"
rpict: warning - non-planar vertex for polygon "1094a9d6ad214870b273_6_0"
rpict: warning - non-planar vertex for polygon "6408e376c03c41e7bdea_9_0"
rpict: warning - non-planar vertex for polygon "9dc6af1f1cfc48a8b678_17_0"
rpict: warning - non-planar vertex for polygon "9dc6af1f1cfc48a8b678_9_0"
rpict: warning - non-planar vertex for polygon "9dc6af1f1cfc48a8b678_2_0"
rpict: warning - non-planar vertex for polygon "ce304c451c3f4e34870e_4_0"
rpict: warning - non-planar vertex for polygon "8930bb43767c4d01b303_2_0"
rpict: warning - non-planar vertex for polygon "ac74b0004cf0491ba670_5_0"
rpict: warning - non-planar vertex for polygon "979d3822aae04cb1bab4_11_0"
rpict: warning - non-planar vertex for polygon "979d3822aae04cb1bab4_8_0"
rpict: warning - non-planar vertex for polygon "ce304c451c3f4e34870e_5_0"
rpict: warning - non-planar vertex for polygon "d5ddbf75dca643eea590_12_0"
rpict: warning - non-planar vertex for polygon "d5ddbf75dca643eea590_6_0"
rpict: warning - non-planar vertex for polygon "0398bcf9fec3405287e7_14_0"
rpict: warning - non-planar vertex for polygon "0398bcf9fec3405287e7_6_0"
rpict: warning - non-planar vertex for polygon "0398bcf9fec3405287e7_13_0"
rpict: warning - non-planar vertex for polygon "1094a9d6ad214870b273_2_0"
rpict: warning - non-planar vertex for polygon "5f8d58664359452690f0_15_0"
rpict: warning - non-planar vertex for polygon "5f8d58664359452690f0_14_0"
rpict: warning - non-planar vertex for polygon "5f8d58664359452690f0_7_0"
rpict: warning - non-planar vertex for polygon "faa00d93658a4696a5c9_5_0"
rpict: warning - non-planar vertex for polygon "2d8645aa2af340aaac6e_17_0"
rpict: warning - non-planar vertex for polygon "2d8645aa2af340aaac6e_2_0"
rpict: warning - non-planar vertex for polygon "2d8645aa2af340aaac6e_9_0"
rpict: warning - non-planar vertex for polygon "69ab8416a4bd44dc89b3_17_0"
rpict: warning - non-planar vertex for polygon "69ab8416a4bd44dc89b3_2_0"
rpict: warning - non-planar vertex for polygon "0398bcf9fec3405287e7_17_0"
rpict: warning - non-planar vertex for polygon "1328de6801124bfbbdcd_17_0"
rpict: warning - non-planar vertex for polygon "1328de6801124bfbbdcd_10_0"
rpict: warning - non-planar vertex for polygon "1328de6801124bfbbdcd_2_0"
rpict: warning - non-planar vertex for polygon "7e5dae9bc01941128695_9_0"
rpict: warning - non-planar vertex for polygon "7e5dae9bc01941128695_8_0"
rpict: warning - non-planar vertex for polygon "2d8645aa2af340aaac6e_8_0"
rpict: warning - non-planar vertex for polygon "9dc6af1f1cfc48a8b678_16_0"
rpict: warning - non-planar vertex for polygon "9dc6af1f1cfc48a8b678_3_0"
rpict: warning - non-planar vertex for polygon "9dc6af1f1cfc48a8b678_15_0"
rpict: warning - non-planar vertex for polygon "9dc6af1f1cfc48a8b678_14_0"
rpict: warning - non-planar vertex for polygon "9dc6af1f1cfc48a8b678_5_0"
rpict: warning - non-planar vertex for polygon "2d8645aa2af340aaac6e_4_0"
rpict: warning - non-planar vertex for polygon "1328de6801124bfbbdcd_14_0"
rpict: warning - non-planar vertex for polygon "1328de6801124bfbbdcd_11_0"
rpict: warning - non-planar vertex for polygon "e0f0db5604134b1289b1_15_0"
rpict: warning - non-planar vertex for polygon "e0f0db5604134b1289b1_14_0"
rpict: warning - non-planar vertex for polygon "e0f0db5604134b1289b1_5_0"
rpict: warning - non-planar vertex for polygon "e0f0db5604134b1289b1_4_0"
rpict: warning - non-planar vertex for polygon "e0f0db5604134b1289b1_11_0"
rpict: warning - non-planar vertex for polygon "e0f0db5604134b1289b1_8_0"
rpict: warning - non-planar vertex for polygon "44ae195eb7bb4805806d_17_0"
rpict: warning - non-planar vertex for polygon "44ae195eb7bb4805806d_10_0"
rpict: warning - non-planar vertex for polygon "44ae195eb7bb4805806d_9_0"
rpict: warning - non-planar vertex for polygon "44ae195eb7bb4805806d_11_0"
rpict: warning - non-planar vertex for polygon "44ae195eb7bb4805806d_8_0"
rpict: warning - non-planar vertex for polygon "15577a431d9b4d7d85d9_12_0"
rpict: warning - non-planar vertex for polygon "15577a431d9b4d7d85d9_7_0"
rpict: warning - non-planar vertex for polygon "e0f0db5604134b1289b1_10_0"
rpict: warning - non-planar vertex for polygon "e0f0db5604134b1289b1_9_0"
rpict: warning - non-planar vertex for polygon "69ab8416a4bd44dc89b3_7_0"
rpict: warning - non-planar vertex for polygon "926a8c73923a4b85bab9_8_0"
rpict: warning - non-planar vertex for polygon "69ab8416a4bd44dc89b3_16_0"
rpict: warning - non-planar vertex for polygon "0398bcf9fec3405287e7_15_0"
rpict: warning - non-planar vertex for polygon "0398bcf9fec3405287e7_16_0"
rpict: warning - non-planar vertex for polygon "1d059439125d43a0ab85_0"
rpict: warning - non-planar vertex for polygon "979d3822aae04cb1bab4_17_0"
rpict: warning - non-planar vertex for polygon "979d3822aae04cb1bab4_10_0"
rpict: warning - non-planar vertex for polygon "979d3822aae04cb1bab4_9_0"
rpict: warning - non-planar vertex for polygon "979d3822aae04cb1bab4_12_0"
rpict: warning - non-planar vertex for polygon "979d3822aae04cb1bab4_7_0"
rpict: warning - non-planar vertex for polygon "2d8645aa2af340aaac6e_5_0"
rpict: warning - non-planar vertex for polygon "2d8645aa2af340aaac6e_12_0"
rpict: warning - non-planar vertex for polygon "2d8645aa2af340aaac6e_7_0"
rpict: warning - non-planar vertex for polygon "2d8645aa2af340aaac6e_6_0"
rpict: warning - non-planar vertex for polygon "9dc6af1f1cfc48a8b678_6_0"
rpict: warning - non-planar vertex for polygon "835dca85efa34a3faf11_5_0"
rpict: warning - non-planar vertex for polygon "835dca85efa34a3faf11_4_0"
rpict: warning - non-planar vertex for polygon "979d3822aae04cb1bab4_16_0"
rpict: warning - non-planar vertex for polygon "979d3822aae04cb1bab4_4_0"
rpict: warning - non-planar vertex for polygon "a4a52574fab44344b644_9_0"
rpict: warning - non-planar vertex for polygon "0398bcf9fec3405287e7_2_0"
rpict: warning - non-planar vertex for polygon "147f1326f0244cb6a646_12_0"
rpict: warning - non-planar vertex for polygon "d5ddbf75dca643eea590_9_0"
rpict: warning - non-planar vertex for polygon "d5ddbf75dca643eea590_8_0"
rpict: warning - non-planar vertex for polygon "d5ddbf75dca643eea590_11_0"
rpict: warning - non-planar vertex for polygon "d5ddbf75dca643eea590_10_0"
rpict: warning - non-planar vertex for polygon "faa00d93658a4696a5c9_7_0"
rpict: warning - non-planar vertex for polygon "faa00d93658a4696a5c9_12_0"
rpict: warning - non-planar vertex for polygon "ca630637d83645f6bcdb_5_0"
rpict: warning - non-planar vertex for polygon "0398bcf9fec3405287e7_3_0"
rpict: warning - non-planar vertex for polygon "ca630637d83645f6bcdb_4_0"
rpict: warning - non-planar vertex for polygon "9dc6af1f1cfc48a8b678_13_0"
rpict: warning - non-planar vertex for polygon "15577a431d9b4d7d85d9_3_0"
rpict: warning - non-planar vertex for polygon "15577a431d9b4d7d85d9_16_0"
rpict: warning - non-planar vertex for polygon "8bcb48e20cd44f1c9cab_17_0"
rpict: warning - non-planar vertex for polygon "119c913e2e5f45b3aa00_4_0"
rpict: warning - non-planar vertex for polygon "119c913e2e5f45b3aa00_8_0"
rpict: warning - non-planar vertex for polygon "119c913e2e5f45b3aa00_12_0"
rpict: warning - non-planar vertex for polygon "119c913e2e5f45b3aa00_7_0"
rpict: warning - non-planar vertex for polygon "faa00d93658a4696a5c9_17_0"
rpict: warning - non-planar vertex for polygon "faa00d93658a4696a5c9_2_0"
rpict: warning - non-planar vertex for polygon "e0f0db5604134b1289b1_17_0"
rpict: warning - non-planar vertex for polygon "e0f0db5604134b1289b1_2_0"
rpict: warning - non-planar vertex for polygon "e0f0db5604134b1289b1_12_0"
rpict: warning - non-planar vertex for polygon "e0f0db5604134b1289b1_7_0"
rpict: warning - non-planar vertex for polygon "7e5dae9bc01941128695_7_0"
rpict: warning - non-planar vertex for polygon "119c913e2e5f45b3aa00_17_0"
rpict: warning - non-planar vertex for polygon "119c913e2e5f45b3aa00_9_0"
rpict: warning - non-planar vertex for polygon "119c913e2e5f45b3aa00_2_0"
rpict: warning - non-planar vertex for polygon "119c913e2e5f45b3aa00_3_0"
rpict: warning - non-planar vertex for polygon "a4a52574fab44344b644_8_0"
rpict: warning - non-planar vertex for polygon "e0f0db5604134b1289b1_3_0"
rpict: warning - non-planar vertex for polygon "147f1326f0244cb6a646_11_0"
rpict: warning - non-planar vertex for polygon "147f1326f0244cb6a646_8_0"
rpict: warning - non-planar vertex for polygon "147f1326f0244cb6a646_10_0"
rpict: warning - non-planar vertex for polygon "147f1326f0244cb6a646_9_0"
rpict: warning - non-planar vertex for polygon "d5ddbf75dca643eea590_5_0"
rpict: warning - non-planar vertex for polygon "979d3822aae04cb1bab4_2_0"
rpict: warning - non-planar vertex for polygon "8bcb48e20cd44f1c9cab_12_0"
rpict: warning - non-planar vertex for polygon "d38cec00e2c34573bbe2_0"
rpict: warning - non-planar vertex for polygon "5360391939b842fe864b_0"
rpict: warning - non-planar vertex for polygon "e1786e161a0340bd9339_0"
rpict: warning - non-planar vertex for polygon "cbd3d9f411ca4b2dab50_18_0"
rpict: warning - non-planar vertex for polygon "e382aa03c0164ed1a0f5_0"
rpict: warning - non-planar vertex for polygon "e9bebf627c43488c9a1d_0"
rpict: warning - non-planar vertex for polygon "979d3822aae04cb1bab4_5_0"
rpict: warning - non-planar vertex for polygon "44ae195eb7bb4805806d_14_0"
rpict: warning - non-planar vertex for polygon "44ae195eb7bb4805806d_6_0"
rpict: warning - non-planar vertex for polygon "44ae195eb7bb4805806d_5_0"
rpict: warning - non-planar vertex for polygon "7e5dae9bc01941128695_3_0"
rpict: warning - non-planar vertex for polygon "7e5dae9bc01941128695_14_0"
rpict: warning - non-planar vertex for polygon "7e5dae9bc01941128695_15_0"
rpict: warning - non-planar vertex for polygon "7e5dae9bc01941128695_4_0"
rpict: warning - non-planar vertex for polygon "7e5dae9bc01941128695_5_0"
rpict: warning - non-planar vertex for polygon "69ab8416a4bd44dc89b3_12_0"
rpict: warning - non-planar vertex for polygon "2d8645aa2af340aaac6e_3_0"
rpict: warning - non-planar vertex for polygon "119c913e2e5f45b3aa00_5_0"
rpict: warning - non-planar vertex for polygon "835dca85efa34a3faf11_13_0"
rpict: warning - non-planar vertex for polygon "835dca85efa34a3faf11_6_0"
rpict: warning - non-planar vertex for polygon "cf26b20b44ef4a13b39b_3_0"
rpict: warning - non-planar vertex for polygon "cf26b20b44ef4a13b39b_4_0"
rpict: warning - non-planar vertex for polygon "cf26b20b44ef4a13b39b_9_0"
rpict: warning - non-planar vertex for polygon "cf26b20b44ef4a13b39b_8_0"
rpict: warning - non-planar vertex for polygon "8bcb48e20cd44f1c9cab_10_0"
rpict: warning - non-planar vertex for polygon "8bcb48e20cd44f1c9cab_9_0"
rpict: warning - non-planar vertex for polygon "44ae195eb7bb4805806d_2_0"
rpict: warning - non-planar vertex for polygon "44ae195eb7bb4805806d_16_0"
rpict: warning - non-planar vertex for polygon "c85f6e1ec5c945e29355_0"
rpict: warning - non-planar vertex for polygon "e996b36b3b7b455594ba_0"
rpict: warning - non-planar vertex for polygon "a7d5a716d0ba4a56b116_0"
rpict: warning - non-planar vertex for polygon "8930bb43767c4d01b303_0"
rpict: warning - non-planar vertex for polygon "1328de6801124bfbbdcd_15_0"
rpict: warning - non-planar vertex for polygon "af2bcad144c94b74b42e_0"
rpict: warning - non-planar vertex for polygon "af0453657fbd4fc1a6cb_0"
rpict: warning - non-planar vertex for polygon "8026b1b01bdb432e9344_0"
rpict: warning - non-planar vertex for polygon "1cda2acddf1e40c2bcbd_0"
rpict: warning - non-planar vertex for polygon "4c0340a0d2bc445185b1_0"
rpict: warning - non-planar vertex for polygon "4ff382e293f14235ae46_0"
rpict: warning - non-planar vertex for polygon "8f19a68084c046f2a48a_18_0"
rpict: warning - non-planar vertex for polygon "9dc6af1f1cfc48a8b678_8_0"
rpict: warning - non-planar vertex for polygon "9dc6af1f1cfc48a8b678_12_0"
rpict: warning - non-planar vertex for polygon "fef8d3fe72a84b3da409_5_0"
rpict: warning - non-planar vertex for polygon "5f8d58664359452690f0_2_0"
rpict: warning - non-planar vertex for polygon "d5ddbf75dca643eea590_17_0"
rpict: warning - non-planar vertex for polygon "9dc6af1f1cfc48a8b678_4_0"
rpict: warning - non-planar vertex for polygon "8bcb48e20cd44f1c9cab_3_0"
rpict: warning - non-planar vertex for polygon "8bcb48e20cd44f1c9cab_11_0"
rpict: warning - non-planar vertex for polygon "8bcb48e20cd44f1c9cab_8_0"
rpict: warning - non-planar vertex for polygon "fe3bcbbb6ed74f698485_0"
rpict: warning - non-planar vertex for polygon "5061deb2614842fb927e_0"
rpict: warning - non-planar vertex for polygon "b2bc8ca44c3241bcbfbf_0"
rpict: warning - non-planar vertex for polygon "6385dd78f33f4e398dcc_0"
rpict: warning - non-planar vertex for polygon "8bcb48e20cd44f1c9cab_6_0"
rpict: warning - non-planar vertex for polygon "6408e376c03c41e7bdea_8_0"
rpict: warning - non-planar vertex for polygon "8bcb48e20cd44f1c9cab_4_0"
rpict: warning - non-planar vertex for polygon "8bcb48e20cd44f1c9cab_5_0"
rpict: warning - non-planar vertex for polygon "7e5dae9bc01941128695_6_0"
rpict: warning - non-planar vertex for polygon "926a8c73923a4b85bab9_9_0"
rpict: warning - non-planar vertex for polygon "fef8d3fe72a84b3da409_4_0"
rpict: warning - non-planar vertex for polygon "cf26b20b44ef4a13b39b_10_0"
rpict: warning - non-planar vertex for polygon "835dca85efa34a3faf11_16_0"
rpict: warning - non-planar vertex for polygon "835dca85efa34a3faf11_3_0"
rpict: warning - non-planar vertex for polygon "835dca85efa34a3faf11_17_0"
rpict: warning - non-planar vertex for polygon "835dca85efa34a3faf11_2_0"
rpict: warning - non-planar vertex for polygon "835dca85efa34a3faf11_9_0"
rpict: warning - non-planar vertex for polygon "721bc24b42c844ad9b8a_0"
rpict: warning - non-planar vertex for polygon "7e5dae9bc01941128695_2_0"
rpict: warning - non-planar vertex for polygon "835dca85efa34a3faf11_8_0"
rpict: warning - non-planar vertex for polygon "835dca85efa34a3faf11_7_0"
rpict: warning - non-planar vertex for polygon "835dca85efa34a3faf11_11_0"
rpict: warning - non-planar vertex for polygon "835dca85efa34a3faf11_10_0"
rpict: warning - non-planar vertex for polygon "147f1326f0244cb6a646_17_0"
rpict: warning - non-planar vertex for polygon "e0f0db5604134b1289b1_6_0"
rpict: warning - non-planar vertex for polygon "0398bcf9fec3405287e7_12_0"
rpict: warning - non-planar vertex for polygon "0398bcf9fec3405287e7_7_0"
rpict: warning - non-planar vertex for polygon "d5ddbf75dca643eea590_4_0"
rpict: warning - non-planar vertex for polygon "1328de6801124bfbbdcd_12_0"
rpict: warning - non-planar vertex for polygon "1328de6801124bfbbdcd_7_0"
rpict: warning - non-planar vertex for polygon "c3629c28a05b4e658971_0"
rpict: warning - non-planar vertex for polygon "0874571dba6c417fa7da_0"
rpict: warning - non-planar vertex for polygon "89eba06f446d4884b7fd_0"
rpict: warning - non-planar vertex for polygon "3332efab72fa44e1854c_0"
rpict: warning - non-planar vertex for polygon "318884f53b3f401088f1_0"
rpict: warning - non-planar vertex for polygon "cf26b20b44ef4a13b39b_17_0"
rpict: warning - non-planar vertex for polygon "cf26b20b44ef4a13b39b_11_0"
rpict: warning - non-planar vertex for polygon "cf26b20b44ef4a13b39b_5_0"
rpict: warning - non-planar vertex for polygon "cf26b20b44ef4a13b39b_6_0"
rpict: warning - non-planar vertex for polygon "cf26b20b44ef4a13b39b_12_0"
rpict: warning - non-planar vertex for polygon "0f644150122e47699d4a_0"
rpict: warning - non-planar vertex for polygon "5d62b4542c584182adf7_0"
rpict: warning - non-planar vertex for polygon "aee9815ee20b4c22bd33_0"
rpict: warning - non-planar vertex for polygon "9dc6af1f1cfc48a8b678_7_0"
rpict: warning - non-planar vertex for polygon "44ae195eb7bb4805806d_12_0"
rpict: warning - non-planar vertex for polygon "44ae195eb7bb4805806d_7_0"
rpict: warning - non-planar vertex for polygon "44ae195eb7bb4805806d_13_0"
rpict: warning - non-planar vertex for polygon "119c913e2e5f45b3aa00_6_0"
rpict: warning - non-planar vertex for polygon "147f1326f0244cb6a646_4_0"
rpict: warning - non-planar vertex for polygon "147f1326f0244cb6a646_3_0"
rpict: warning - non-planar vertex for polygon "a1ad7759a2044da4aa49_0"
rpict: warning - non-planar vertex for polygon "ac74b0004cf0491ba670_0"
rpict: warning - non-planar vertex for polygon "14871f8eb5ce44fca816_0"
rpict: warning - non-planar vertex for polygon "b6e611df94dd42dda62b_0"
rpict: warning - non-planar vertex for polygon "809d562583e747a384b6_0"
rpict: warning - non-planar vertex for polygon "d5ddbf75dca643eea590_3_0"
rpict: warning - non-planar vertex for polygon "fb3d88e8210f4ee080eb_0"
rpict: warning - non-planar vertex for polygon "cbd3d9f411ca4b2dab50_16_0"
rpict: warning - non-planar vertex for polygon "f957f737b1b74157b45e_18_0"
rpict: warning - non-planar vertex for polygon "835dca85efa34a3faf11_12_0"
rpict: warning - non-planar vertex for polygon "3ded06b4568644079d62_0"
rpict: warning - non-planar vertex for polygon "ce304c451c3f4e34870e_0"
rpict: warning - non-planar vertex for polygon "c8e45bd6969643f78378_14_0"
rpict: warning - non-planar vertex for polygon "2f82d29716ca484988f1_0"
rpict: warning - non-planar vertex for polygon "f957f737b1b74157b45e_16_0"
rpict: warning - non-planar vertex for polygon "f24466af302b4d26ae41_0"
rpict: warning - non-planar vertex for polygon "6ad54787cdef4b5a9cb3_0"
rpict: warning - non-planar vertex for polygon "5ad3234ca13c4d0fa9aa_18_0"
rpict: warning - non-planar vertex for polygon "521c82e8463f462f90ea_16_0"
rpict: warning - non-planar vertex for polygon "521c82e8463f462f90ea_18_0"
rpict: warning - non-planar vertex for polygon "8f19a68084c046f2a48a_16_0"
rpict: warning - non-planar vertex for polygon "5ad3234ca13c4d0fa9aa_14_0"
rpict: warning - non-planar vertex for polygon "67b5badc335449c9a255_18_0"
rpict: warning - non-planar vertex for polygon "c8e45bd6969643f78378_18_0"
rpict: warning - non-planar vertex for polygon "18a1a482ddf54035a1c0_16_0"
rpict: 51469055 rays, 0.14% after 0.149u 0.000s 0.149r hours on qorbani (PID 2304)
rpict: 56704117 rays, 3.61% after 0.166u 0.000s 0.166r hours on qorbani (PID 2304)
rpict: 61736008 rays, 8.19% after 0.182u 0.000s 0.183r hours on qorbani (PID 2304)
rpict: 66970427 rays, 12.22% after 0.199u 0.000s 0.200r hours on qorbani (PID 2304)
rpict: 71812574 rays, 15.69% after 0.216u 0.000s 0.216r hours on qorbani (PID 2304)
rpict: 76771415 rays, 19.17% after 0.233u 0.000s 0.234r hours on qorbani (PID 2304)
rpict: 81676856 rays, 22.50% after 0.250u 0.000s 0.250r hours on qorbani (PID 2304)
rpict: 86977900 rays, 25.97% after 0.268u 0.000s 0.268r hours on qorbani (PID 2304)
rpict: 91839304 rays, 28.33% after 0.286u 0.000s 0.286r hours on qorbani (PID 2304)
rpict: 96068200 rays, 29.17% after 0.303u 0.000s 0.304r hours on qorbani (PID 2304)
rpict: 99943054 rays, 30.97% after 0.320u 0.000s 0.320r hours on qorbani (PID 2304)
rpict: 103965433 rays, 35.42% after 0.337u 0.000s 0.337r hours on qorbani (PID 2304)
rpict: 108128898 rays, 40.83% after 0.353u 0.000s 0.354r hours on qorbani (PID 2304)
rpict: 112603864 rays, 47.36% after 0.370u 0.000s 0.371r hours on qorbani (PID 2304)
rpict: 118059251 rays, 52.36% after 0.387u 0.000s 0.388r hours on qorbani (PID 2304)
rpict: 123758378 rays, 54.31% after 0.406u 0.000s 0.407r hours on qorbani (PID 2304)
rpict: 127664188 rays, 55.00% after 0.424u 0.000s 0.425r hours on qorbani (PID 2304)
rpict: 131636177 rays, 55.97% after 0.442u 0.000s 0.442r hours on qorbani (PID 2304)
rpict: 137464334 rays, 57.78% after 0.467u 0.000s 0.467r hours on qorbani (PID 2304)
rpict: 141263239 rays, 58.33% after 0.486u 0.000s 0.487r hours on qorbani (PID 2304)
rpict: 145420518 rays, 59.72% after 0.504u 0.000s 0.504r hours on qorbani (PID 2304)
rpict: 149768222 rays, 60.97% after 0.522u 0.000s 0.522r hours on qorbani (PID 2304)
rpict: 154421487 rays, 61.67% after 0.545u 0.000s 0.546r hours on qorbani (PID 2304)
rpict: 159666324 rays, 64.17% after 0.565u 0.000s 0.566r hours on qorbani (PID 2304)
rpict: 165044470 rays, 64.86% after 0.589u 0.000s 0.590r hours on qorbani (PID 2304)
rpict: 169495599 rays, 65.28% after 0.610u 0.000s 0.611r hours on qorbani (PID 2304)
rpict: 175558277 rays, 65.83% after 0.638u 0.000s 0.638r hours on qorbani (PID 2304)
rpict: 179399580 rays, 66.39% after 0.655u 0.000s 0.656r hours on qorbani (PID 2304)
rpict: 183838947 rays, 67.08% after 0.672u 0.000s 0.673r hours on qorbani (PID 2304)
rpict: 188144341 rays, 67.64% after 0.691u 0.000s 0.692r hours on qorbani (PID 2304)
rpict: 192122340 rays, 68.33% after 0.709u 0.000s 0.709r hours on qorbani (PID 2304)
rpict: 196445090 rays, 70.83% after 0.726u 0.000s 0.727r hours on qorbani (PID 2304)
rpict: 200816425 rays, 72.36% after 0.745u 0.000s 0.746r hours on qorbani (PID 2304)
rpict: 204733101 rays, 73.06% after 0.763u 0.000s 0.764r hours on qorbani (PID 2304)
rpict: 208595514 rays, 73.75% after 0.781u 0.000s 0.781r hours on qorbani (PID 2304)
rpict: 213005849 rays, 74.72% after 0.800u 0.000s 0.800r hours on qorbani (PID 2304)
rpict: 217295621 rays, 76.39% after 0.817u 0.000s 0.818r hours on qorbani (PID 2304)
rpict: 221375477 rays, 78.19% after 0.834u 0.000s 0.834r hours on qorbani (PID 2304)
rpict: 226070951 rays, 93.89% after 0.850u 0.000s 0.851r hours on qorbani (PID 2304)
rpict: 226335441 rays, 100.00% after 0.851u 0.000s 0.852r hours on qorbani (PID 2304)
